#
# A fatal error has been detected by the Java Runtime Environment:
#
#  SIGSEGV (0xb) at pc=0x00007f12a0a841db, pid=11159, tid=139717878040320
#
# JRE version: OpenJDK Runtime Environment (7.0_75-b13) (build 1.7.0_75-b13)
# Java VM: OpenJDK 64-Bit Server VM (24.75-b04 mixed mode linux-amd64 compressed oops)
# Derivative: IcedTea 2.5.4
# Distribution: Debian GNU/Linux 7.6 (wheezy), package 7u75-2.5.4-1~deb7u1
# Problematic frame:
# V  [libjvm.so+0x7c91db]  ParMarkBitMap::mark_obj(HeapWord*, unsigned long)+0xab
#
# Failed to write core dump. Core dumps have been disabled. To enable core dumping, try "ulimit -c unlimited" before starting Java again
#
# If you would like to submit a bug report, please include
# instructions on how to reproduce the bug and visit:
#   http://icedtea.classpath.org/bugzilla
#

---------------  T H R E A D  ---------------

Current thread (0x00000000017be000):  GCTaskThread [stack: 0x00007f129a6d4000,0x00007f129a7d5000] [id=11181]

siginfo:si_signo=SIGSEGV: si_errno=0, si_code=1 (SEGV_MAPERR), si_addr=0x00007f12a5f1bb08

Registers:
RAX=0x000000007cbbd86a, RBX=0x00007f129630ab08, RCX=0x000000000000002a, RDX=0x00007f12965a4000
RSP=0x00007f129a7d3c30, RBP=0x00007f129a7d3c40, RSI=0x0000040000000000, RDI=0x00007f12a108e920
R8 =0x00007f12a5f1bb08, R9 =0x00007f12a108a9a8, R10=0x00000000007d2d01, R11=0x0000000100000000
R12=0x00007f12a105cee8, R13=0x00007f12a108e920, R14=0x00000007f596f180, R15=0x00000007f596f370
RIP=0x00007f12a0a841db, EFLAGS=0x0000000000010206, CSGSFS=0x0000000000000033, ERR=0x0000000000000004
  TRAPNO=0x000000000000000e

Top of Stack: (sp=0x00007f129a7d3c30)
0x00007f129a7d3c30:   000000000180b880 00000007f59ac300
0x00007f129a7d3c40:   00007f129a7d3cf0 00007f12a0ac0bc8
0x00007f129a7d3c50:   00007f129a7d3d00 000000005d70800b
0x00007f129a7d3c60:   000000000180b910 000000000180b940
0x00007f129a7d3c70:   000000000180b8c0 000000000180b890
0x00007f129a7d3c80:   00007f12a1085443 0000000000001000
0x00007f129a7d3c90:   0000000000000c00 00000007f596c360
0x00007f129a7d3ca0:   0000004200000000 00007f12a0570229
0x00007f129a7d3cb0:   0000004300000000 00000000017be740
0x00007f129a7d3cc0:   00007f129a7d3d00 0000000000000003
0x00007f129a7d3cd0:   0000000000000400 00000007f596d370
0x00007f129a7d3ce0:   00007f12803a66c0 000000000180b880
0x00007f129a7d3cf0:   00007f129a7d3da0 00007f12a0aa9bba
0x00007f129a7d3d00:   00007f129a7d3da0 00007f12a0ba00c6
0x00007f129a7d3d10:   000000000180b8c0 00000003a0ba013b
0x00007f129a7d3d20:   00007f12803a66c0 0000000000001000
0x00007f129a7d3d30:   0000000000000400 00000007f596c360
0x00007f129a7d3d40:   00007f129a7d3d80 609f1c2d017beba0
0x00007f129a7d3d50:   0000000000000000 00007f12a0a3857b
0x00007f129a7d3d60:   00000007f596c360 0000000000000200
0x00007f129a7d3d70:   00007f129a7d3da0 0000000000000001
0x00007f129a7d3d80:   00007f12803a66c0 00000000017be000
0x00007f129a7d3d90:   00007f12a0c449f5 00007f12a108526a
0x00007f129a7d3da0:   00007f129a7d3ea0 00007f12a07fe40a
0x00007f129a7d3db0:   00000000000003d8 00000000017beb58
0x00007f129a7d3dc0:   00000000017be780 00000000017be770
0x00007f129a7d3dd0:   0000000000000000 00000000017be740
0x00007f129a7d3de0:   0000000000000000 00000000017be000
0x00007f129a7d3df0:   00000000017be000 00000000017beb60
0x00007f129a7d3e00:   00000000017beba0 00000000017bebb0
0x00007f129a7d3e10:   00000000017bef88 00000000000003d8
0x00007f129a7d3e20:   00000000017bef90 0000000000000000 

Instructions: (pc=0x00007f12a0a841db)
0x00007f12a0a841bb:   60 be 01 00 00 00 48 c1 e8 03 48 d3 e8 48 89 c1
0x00007f12a0a841cb:   48 c1 e9 06 4c 8d 04 ca 89 c1 83 e1 3f 48 d3 e6
0x00007f12a0a841db:   49 8b 10 eb 03 48 89 c2 48 89 d1 48 09 f1 48 39
0x00007f12a0a841eb:   ca 74 1b 41 83 39 01 48 89 d0 40 0f 9f c7 40 80 

Register to memory mapping:

RAX=0x000000007cbbd86a is an unknown value
RBX=0x00007f129630ab08 is an unknown value
RCX=0x000000000000002a is an unknown value
RDX=0x00007f12965a4000 is an unknown value
RSP=0x00007f129a7d3c30 is an unknown value
RBP=0x00007f129a7d3c40 is an unknown value
RSI=0x0000040000000000 is an unknown value
RDI=0x00007f12a108e920: <offset 0xdd3920> in /usr/lib/jvm/java-7-openjdk-amd64/jre/lib/amd64/server/libjvm.so at 0x00007f12a02bb000
R8 =0x00007f12a5f1bb08 is an unknown value
R9 =0x00007f12a108a9a8: <offset 0xdcf9a8> in /usr/lib/jvm/java-7-openjdk-amd64/jre/lib/amd64/server/libjvm.so at 0x00007f12a02bb000
R10=0x00000000007d2d01 is an unknown value
R11=0x0000000100000000 is an unknown value
R12=0x00007f12a105cee8: <offset 0xda1ee8> in /usr/lib/jvm/java-7-openjdk-amd64/jre/lib/amd64/server/libjvm.so at 0x00007f12a02bb000
R13=0x00007f12a108e920: <offset 0xdd3920> in /usr/lib/jvm/java-7-openjdk-amd64/jre/lib/amd64/server/libjvm.so at 0x00007f12a02bb000
R14=0x00000007f596f180 is an unknown value
R15=0x00000007f596f370 is an unknown value


Stack: [0x00007f129a6d4000,0x00007f129a7d5000],  sp=0x00007f129a7d3c30,  free space=1023k
Native frames: (J=compiled Java code, j=interpreted, Vv=VM code, C=native code)
V  [libjvm.so+0x7c91db]  ParMarkBitMap::mark_obj(HeapWord*, unsigned long)+0xab
V  [libjvm.so+0x805bc8]  ParCompactionManager::follow_marking_stacks()+0x8b8
V  [libjvm.so+0x7eebba]  StealMarkingTask::do_it(GCTaskManager*, unsigned int)+0x4da
V  [libjvm.so+0x54340a]  GCTaskThread::run()+0x15a
V  [libjvm.so+0x7b04d2]  java_start(Thread*)+0xf2


---------------  P R O C E S S  ---------------

Java Threads: ( => current thread )
  0x00007f128cb9f800 JavaThread "qtp858847965-31" [_thread_blocked, id=11212, stack(0x00007f1288191000,0x00007f1288292000)]
  0x00007f128cb9e000 JavaThread "qtp858847965-30" [_thread_blocked, id=11211, stack(0x00007f1288292000,0x00007f1288393000)]
  0x00007f128cb9c800 JavaThread "qtp858847965-29" [_thread_blocked, id=11210, stack(0x00007f1288393000,0x00007f1288494000)]
  0x00007f128cb9a000 JavaThread "qtp858847965-28" [_thread_blocked, id=11209, stack(0x00007f1288494000,0x00007f1288595000)]
  0x00007f128cb6a000 JavaThread "qtp858847965-27" [_thread_blocked, id=11208, stack(0x00007f1288595000,0x00007f1288696000)]
  0x0000000001ece800 JavaThread "qtp858847965-26" [_thread_blocked, id=11207, stack(0x00007f1288f6a000,0x00007f128906b000)]
  0x0000000001ecd800 JavaThread "qtp858847965-25" [_thread_blocked, id=11206, stack(0x00007f1288960000,0x00007f1288a61000)]
  0x0000000001ecc800 JavaThread "qtp858847965-24" [_thread_blocked, id=11205, stack(0x00007f1288a61000,0x00007f1288b62000)]
  0x00007f128c4fb800 JavaThread "process reaper" daemon [_thread_blocked, id=11191, stack(0x00007f129000c000,0x00007f1290045000)]
  0x0000000001850000 JavaThread "Service Thread" daemon [_thread_blocked, id=11188, stack(0x00007f12900d6000,0x00007f12901d7000)]
  0x000000000184d800 JavaThread "C2 CompilerThread1" daemon [_thread_blocked, id=11187, stack(0x00007f12901d7000,0x00007f12902d8000)]
  0x000000000184a000 JavaThread "C2 CompilerThread0" daemon [_thread_blocked, id=11186, stack(0x00007f12902d8000,0x00007f12903d9000)]
  0x0000000001847800 JavaThread "Signal Dispatcher" daemon [_thread_blocked, id=11185, stack(0x00007f12903d9000,0x00007f12904da000)]
  0x0000000001814800 JavaThread "Finalizer" daemon [_thread_blocked, id=11184, stack(0x00007f1290651000,0x00007f1290752000)]
  0x0000000001812800 JavaThread "Reference Handler" daemon [_thread_blocked, id=11183, stack(0x00007f1290752000,0x00007f1290853000)]
  0x00000000017a3000 JavaThread "main" [_thread_blocked, id=11177, stack(0x00007f12a1d70000,0x00007f12a1e71000)]

Other Threads:
  0x000000000180e000 VMThread [stack: 0x00007f1290853000,0x00007f1290954000] [id=11182]
  0x000000000185b000 WatcherThread [stack: 0x00007f128beff000,0x00007f128c000000] [id=11189]

=>0x00000000017be000 (exited) GCTaskThread [stack: 0x00007f129a6d4000,0x00007f129a7d5000] [id=11181]

VM state:at safepoint (normal execution)

VM Mutex/Monitor currently owned by a thread:  ([mutex/lock_event])
[0x000000000179e910] Threads_lock - owner thread: 0x000000000180e000
[0x000000000179ee10] Heap_lock - owner thread: 0x00007f128cb9a000

Heap
 PSYoungGen      total 1095680K, used 171920K [0x00000007ac880000, 0x0000000800000000, 0x0000000800000000)
  eden space 912896K, 0% used [0x00000007ac880000,0x00000007ac880000,0x00000007e4400000)
  from space 182784K, 94% used [0x00000007f4d80000,0x00000007ff5642a0,0x0000000800000000)
  to   space 227328K, 0% used [0x00000007e4400000,0x00000007e4400000,0x00000007f2200000)
 ParOldGen       total 170496K, used 144684K [0x0000000705a00000, 0x0000000710080000, 0x00000007ac880000)
  object space 170496K, 84% used [0x0000000705a00000,0x000000070e74b300,0x0000000710080000)
 PSPermGen       total 25088K, used 24605K [0x00000006fb400000, 0x00000006fcc80000, 0x0000000705a00000)
  object space 25088K, 98% used [0x00000006fb400000,0x00000006fcc076e8,0x00000006fcc80000)

Card table byte_map: [0x00007f129b063000,0x00007f129b88a000] byte_map_base: 0x00007f1297889000

Polling page: 0x00007f12a1e95000

Code Cache  [0x00007f129b88a000, 0x00007f129bbda000, 0x00007f129e88a000)
 total_blobs=1408 nmethods=1051 adapters=309 free_code_cache=45873Kb largest_free_block=46872960

Compilation events (10 events):
Event: 11,837 Thread 0x000000000184d800 1116             java.lang.String::lastIndexOf (151 bytes)
Event: 11,840 Thread 0x000000000184d800 nmethod 1116 0x00007f129bb98a10 code [0x00007f129bb98b60, 0x00007f129bb98dd8]
Event: 11,878 Thread 0x000000000184a000 1117             sun.security.jca.GetInstance::getInstance (29 bytes)
Event: 11,879 Thread 0x000000000184a000 nmethod 1117 0x00007f129bbb23d0 code [0x00007f129bbb2540, 0x00007f129bbb2738]
Event: 11,968 Thread 0x000000000184d800 1118             sun.security.jca.GetInstance$Instance::<init> (7 bytes)
Event: 11,968 Thread 0x000000000184a000 1119             sun.security.jca.GetInstance$Instance::<init> (15 bytes)
Event: 11,968 Thread 0x000000000184a000 nmethod 1119 0x00007f129bb967d0 code [0x00007f129bb96900, 0x00007f129bb96998]
Event: 11,968 Thread 0x000000000184d800 nmethod 1118 0x00007f129bbb2b90 code [0x00007f129bbb2cc0, 0x00007f129bbb2d58]
Event: 12,107 Thread 0x000000000184a000 1120   !         sun.security.pkcs.PKCS7::parseSignedData (636 bytes)
Event: 12,210 Thread 0x000000000184a000 nmethod 1120 0x00007f129bbc6990 code [0x00007f129bbc7220, 0x00007f129bbcd4b0]

GC Heap History (10 events):
Event: 7,495 GC heap after
Heap after GC invocations=14 (full 0):
 PSYoungGen      total 1005056K, used 96180K [0x00000007ac880000, 0x00000007f2d80000, 0x0000000800000000)
  eden space 896512K, 0% used [0x00000007ac880000,0x00000007ac880000,0x00000007e3400000)
  from space 108544K, 88% used [0x00000007eaa80000,0x00000007f086d260,0x00000007f1480000)
  to   space 121344K, 0% used [0x00000007e3400000,0x00000007e3400000,0x00000007eaa80000)
 ParOldGen       total 170496K, used 106504K [0x0000000705a00000, 0x0000000710080000, 0x00000007ac880000)
  object space 170496K, 62% used [0x0000000705a00000,0x000000070c2020a0,0x0000000710080000)
 PSPermGen       total 25088K, used 24589K [0x00000006fb400000, 0x00000006fcc80000, 0x0000000705a00000)
  object space 25088K, 98% used [0x00000006fb400000,0x00000006fcc03548,0x00000006fcc80000)
}
Event: 8,509 GC heap before
{Heap before GC invocations=15 (full 0):
 PSYoungGen      total 1005056K, used 992692K [0x00000007ac880000, 0x00000007f2d80000, 0x0000000800000000)
  eden space 896512K, 100% used [0x00000007ac880000,0x00000007e3400000,0x00000007e3400000)
  from space 108544K, 88% used [0x00000007eaa80000,0x00000007f086d260,0x00000007f1480000)
  to   space 121344K, 0% used [0x00000007e3400000,0x00000007e3400000,0x00000007eaa80000)
 ParOldGen       total 170496K, used 106504K [0x0000000705a00000, 0x0000000710080000, 0x00000007ac880000)
  object space 170496K, 62% used [0x0000000705a00000,0x000000070c2020a0,0x0000000710080000)
 PSPermGen       total 25088K, used 24594K [0x00000006fb400000, 0x00000006fcc80000, 0x0000000705a00000)
  object space 25088K, 98% used [0x00000006fb400000,0x00000006fcc04828,0x00000006fcc80000)
Event: 8,742 GC heap after
Heap after GC invocations=15 (full 0):
 PSYoungGen      total 1017856K, used 121338K [0x00000007ac880000, 0x0000000800000000, 0x0000000800000000)
  eden space 896512K, 0% used [0x00000007ac880000,0x00000007ac880000,0x00000007e3400000)
  from space 121344K, 99% used [0x00000007e3400000,0x00000007eaa7e890,0x00000007eaa80000)
  to   space 153088K, 0% used [0x00000007f6a80000,0x00000007f6a80000,0x0000000800000000)
 ParOldGen       total 170496K, used 137889K [0x0000000705a00000, 0x0000000710080000, 0x00000007ac880000)
  object space 170496K, 80% used [0x0000000705a00000,0x000000070e0a8538,0x0000000710080000)
 PSPermGen       total 25088K, used 24594K [0x00000006fb400000, 0x00000006fcc80000, 0x0000000705a00000)
  object space 25088K, 98% used [0x00000006fb400000,0x00000006fcc04828,0x00000006fcc80000)
}
Event: 9,738 GC heap before
{Heap before GC invocations=16 (full 0):
 PSYoungGen      total 1017856K, used 1017850K [0x00000007ac880000, 0x0000000800000000, 0x0000000800000000)
  eden space 896512K, 100% used [0x00000007ac880000,0x00000007e3400000,0x00000007e3400000)
  from space 121344K, 99% used [0x00000007e3400000,0x00000007eaa7e890,0x00000007eaa80000)
  to   space 153088K, 0% used [0x00000007f6a80000,0x00000007f6a80000,0x0000000800000000)
 ParOldGen       total 170496K, used 137889K [0x0000000705a00000, 0x0000000710080000, 0x00000007ac880000)
  object space 170496K, 80% used [0x0000000705a00000,0x000000070e0a8538,0x0000000710080000)
 PSPermGen       total 25088K, used 24600K [0x00000006fb400000, 0x00000006fcc80000, 0x0000000705a00000)
  object space 25088K, 98% used [0x00000006fb400000,0x00000006fcc06038,0x00000006fcc80000)
Event: 9,971 GC heap after
Heap after GC invocations=16 (full 0):
 PSYoungGen      total 1165312K, used 151790K [0x00000007ac880000, 0x0000000800000000, 0x0000000800000000)
  eden space 1012224K, 0% used [0x00000007ac880000,0x00000007ac880000,0x00000007ea500000)
  from space 153088K, 99% used [0x00000007f6a80000,0x00000007ffebb888,0x0000000800000000)
  to   space 177664K, 0% used [0x00000007ea500000,0x00000007ea500000,0x00000007f5280000)
 ParOldGen       total 170496K, used 141106K [0x0000000705a00000, 0x0000000710080000, 0x00000007ac880000)
  object space 170496K, 82% used [0x0000000705a00000,0x000000070e3cca90,0x0000000710080000)
 PSPermGen       total 25088K, used 24600K [0x00000006fb400000, 0x00000006fcc80000, 0x0000000705a00000)
  object space 25088K, 98% used [0x00000006fb400000,0x00000006fcc06038,0x00000006fcc80000)
}
Event: 11,081 GC heap before
{Heap before GC invocations=17 (full 0):
 PSYoungGen      total 1165312K, used 1164014K [0x00000007ac880000, 0x0000000800000000, 0x0000000800000000)
  eden space 1012224K, 100% used [0x00000007ac880000,0x00000007ea500000,0x00000007ea500000)
  from space 153088K, 99% used [0x00000007f6a80000,0x00000007ffebb888,0x0000000800000000)
  to   space 177664K, 0% used [0x00000007ea500000,0x00000007ea500000,0x00000007f5280000)
 ParOldGen       total 170496K, used 141106K [0x0000000705a00000, 0x0000000710080000, 0x00000007ac880000)
  object space 170496K, 82% used [0x0000000705a00000,0x000000070e3cca90,0x0000000710080000)
 PSPermGen       total 25088K, used 24601K [0x00000006fb400000, 0x00000006fcc80000, 0x0000000705a00000)
  object space 25088K, 98% used [0x00000006fb400000,0x00000006fcc06550,0x00000006fcc80000)
Event: 11,319 GC heap after
Heap after GC invocations=17 (full 0):
 PSYoungGen      total 1184768K, used 172131K [0x00000007ac880000, 0x0000000800000000, 0x0000000800000000)
  eden space 1012224K, 0% used [0x00000007ac880000,0x00000007ac880000,0x00000007ea500000)
  from space 172544K, 99% used [0x00000007ea500000,0x00000007f4d18c78,0x00000007f4d80000)
  to   space 182784K, 0% used [0x00000007f4d80000,0x00000007f4d80000,0x0000000800000000)
 ParOldGen       total 170496K, used 142234K [0x0000000705a00000, 0x0000000710080000, 0x00000007ac880000)
  object space 170496K, 83% used [0x0000000705a00000,0x000000070e4e6ac0,0x0000000710080000)
 PSPermGen       total 25088K, used 24601K [0x00000006fb400000, 0x00000006fcc80000, 0x0000000705a00000)
  object space 25088K, 98% used [0x00000006fb400000,0x00000006fcc06550,0x00000006fcc80000)
}
Event: 12,417 GC heap before
{Heap before GC invocations=18 (full 0):
 PSYoungGen      total 1184768K, used 1184355K [0x00000007ac880000, 0x0000000800000000, 0x0000000800000000)
  eden space 1012224K, 100% used [0x00000007ac880000,0x00000007ea500000,0x00000007ea500000)
  from space 172544K, 99% used [0x00000007ea500000,0x00000007f4d18c78,0x00000007f4d80000)
  to   space 182784K, 0% used [0x00000007f4d80000,0x00000007f4d80000,0x0000000800000000)
 ParOldGen       total 170496K, used 142234K [0x0000000705a00000, 0x0000000710080000, 0x00000007ac880000)
  object space 170496K, 83% used [0x0000000705a00000,0x000000070e4e6ac0,0x0000000710080000)
 PSPermGen       total 25088K, used 24605K [0x00000006fb400000, 0x00000006fcc80000, 0x0000000705a00000)
  object space 25088K, 98% used [0x00000006fb400000,0x00000006fcc076e8,0x00000006fcc80000)
Event: 12,647 GC heap after
Heap after GC invocations=18 (full 0):
 PSYoungGen      total 1095680K, used 171920K [0x00000007ac880000, 0x0000000800000000, 0x0000000800000000)
  eden space 912896K, 0% used [0x00000007ac880000,0x00000007ac880000,0x00000007e4400000)
  from space 182784K, 94% used [0x00000007f4d80000,0x00000007ff5642a0,0x0000000800000000)
  to   space 227328K, 0% used [0x00000007e4400000,0x00000007e4400000,0x00000007f2200000)
 ParOldGen       total 170496K, used 144684K [0x0000000705a00000, 0x0000000710080000, 0x00000007ac880000)
  object space 170496K, 84% used [0x0000000705a00000,0x000000070e74b300,0x0000000710080000)
 PSPermGen       total 25088K, used 24605K [0x00000006fb400000, 0x00000006fcc80000, 0x0000000705a00000)
  object space 25088K, 98% used [0x00000006fb400000,0x00000006fcc076e8,0x00000006fcc80000)
}
Event: 12,647 GC heap before
{Heap before GC invocations=19 (full 1):
 PSYoungGen      total 1095680K, used 171920K [0x00000007ac880000, 0x0000000800000000, 0x0000000800000000)
  eden space 912896K, 0% used [0x00000007ac880000,0x00000007ac880000,0x00000007e4400000)
  from space 182784K, 94% used [0x00000007f4d80000,0x00000007ff5642a0,0x0000000800000000)
  to   space 227328K, 0% used [0x00000007e4400000,0x00000007e4400000,0x00000007f2200000)
 ParOldGen       total 170496K, used 144684K [0x0000000705a00000, 0x0000000710080000, 0x00000007ac880000)
  object space 170496K, 84% used [0x0000000705a00000,0x000000070e74b300,0x0000000710080000)
 PSPermGen       total 25088K, used 24605K [0x00000006fb400000, 0x00000006fcc80000, 0x0000000705a00000)
  object space 25088K, 98% used [0x00000006fb400000,0x00000006fcc076e8,0x00000006fcc80000)

Deoptimization events (10 events):
Event: 3,671 Thread 0x00000000017a3000 Uncommon trap: reason=class_check action=maybe_recompile pc=0x00007f129b946868 method=sun.misc.URLClassPath.getResource(Ljava/lang/String;Z)Lsun/misc/Resource; @ 53
Event: 3,674 Thread 0x00000000017a3000 Uncommon trap: reason=class_check action=maybe_recompile pc=0x00007f129b946868 method=sun.misc.URLClassPath.getResource(Ljava/lang/String;Z)Lsun/misc/Resource; @ 53
Event: 3,677 Thread 0x00000000017a3000 Uncommon trap: reason=class_check action=maybe_recompile pc=0x00007f129b946868 method=sun.misc.URLClassPath.getResource(Ljava/lang/String;Z)Lsun/misc/Resource; @ 53
Event: 3,680 Thread 0x00000000017a3000 Uncommon trap: reason=class_check action=maybe_recompile pc=0x00007f129b946868 method=sun.misc.URLClassPath.getResource(Ljava/lang/String;Z)Lsun/misc/Resource; @ 53
Event: 4,035 Thread 0x0000000001ecc800 Uncommon trap: reason=class_check action=maybe_recompile pc=0x00007f129b8fc154 method=java.util.jar.JarFile.getJarEntry(Ljava/lang/String;)Ljava/util/jar/JarEntry; @ 2
Event: 4,036 Thread 0x0000000001ecc800 Uncommon trap: reason=class_check action=maybe_recompile pc=0x00007f129b8fc154 method=java.util.jar.JarFile.getJarEntry(Ljava/lang/String;)Ljava/util/jar/JarEntry; @ 2
Event: 4,036 Thread 0x0000000001ecc800 Uncommon trap: reason=class_check action=maybe_recompile pc=0x00007f129b8fc154 method=java.util.jar.JarFile.getJarEntry(Ljava/lang/String;)Ljava/util/jar/JarEntry; @ 2
Event: 4,036 Thread 0x0000000001ecc800 Uncommon trap: reason=class_check action=maybe_recompile pc=0x00007f129b8fc154 method=java.util.jar.JarFile.getJarEntry(Ljava/lang/String;)Ljava/util/jar/JarEntry; @ 2
Event: 4,984 Thread 0x0000000001ecd800 Uncommon trap: reason=unreached action=reinterpret pc=0x00007f129bae49e0 method=org.objectweb.asm.ClassReader.b(Lorg/objectweb/asm/ClassVisitor;Lorg/objectweb/asm/Context;I)I @ 1068
Event: 9,135 Thread 0x00007f128cb9a000 Uncommon trap: reason=range_check action=make_not_entrant pc=0x00007f129bba1bb8 method=sun.security.pkcs.ContentInfo.<init>(Lsun/security/util/DerInputStream;Z)V @ 14

Internal exceptions (10 events):
Event: 3,693 Thread 0x0000000001ecc800 Threw 0x00000007ad8b24d0 at /build/openjdk-7-tNV5mE/openjdk-7-7u75-2.5.4/build/openjdk/hotspot/src/share/vm/prims/jvm.cpp:1284
Event: 3,694 Thread 0x0000000001ecc800 Threw 0x00000007ad8b9170 at /build/openjdk-7-tNV5mE/openjdk-7-7u75-2.5.4/build/openjdk/hotspot/src/share/vm/prims/jvm.cpp:1284
Event: 3,694 Thread 0x0000000001ecc800 Threw 0x00000007ad8bd520 at /build/openjdk-7-tNV5mE/openjdk-7-7u75-2.5.4/build/openjdk/hotspot/src/share/vm/prims/jvm.cpp:1284
Event: 3,694 Thread 0x0000000001ecc800 Threw 0x00000007ad8c41a0 at /build/openjdk-7-tNV5mE/openjdk-7-7u75-2.5.4/build/openjdk/hotspot/src/share/vm/prims/jvm.cpp:1284
Event: 3,694 Thread 0x0000000001ecc800 Threw 0x00000007ad8c8ba0 at /build/openjdk-7-tNV5mE/openjdk-7-7u75-2.5.4/build/openjdk/hotspot/src/share/vm/prims/jvm.cpp:1284
Event: 3,694 Thread 0x0000000001ecd800 Threw 0x00000007ad8feae8 at /build/openjdk-7-tNV5mE/openjdk-7-7u75-2.5.4/build/openjdk/hotspot/src/share/vm/prims/jvm.cpp:1284
Event: 3,695 Thread 0x0000000001ecd800 Threw 0x00000007ad9050d8 at /build/openjdk-7-tNV5mE/openjdk-7-7u75-2.5.4/build/openjdk/hotspot/src/share/vm/prims/jvm.cpp:1284
Event: 3,695 Thread 0x0000000001ece800 Threw 0x00000007ad9870d0 at /build/openjdk-7-tNV5mE/openjdk-7-7u75-2.5.4/build/openjdk/hotspot/src/share/vm/prims/jvm.cpp:1284
Event: 3,695 Thread 0x0000000001ece800 Threw 0x00000007ad98d330 at /build/openjdk-7-tNV5mE/openjdk-7-7u75-2.5.4/build/openjdk/hotspot/src/share/vm/prims/jvm.cpp:1284
Event: 3,699 Thread 0x0000000001ece800 Threw 0x00000007ad9bec40 at /build/openjdk-7-tNV5mE/openjdk-7-7u75-2.5.4/build/openjdk/hotspot/src/share/vm/prims/jvm.cpp:1284

Events (10 events):
Event: 9,135 Thread 0x00007f128cb9a000 DEOPT UNPACKING pc=0x00007f129b8c3445 sp=0x00007f1288592ea8 mode 2
Event: 9,483 loading class 0x00007f128c28cdc0
Event: 9,484 loading class 0x00007f128c28cdc0 done
Event: 9,738 Executing VM operation: ParallelGCFailedAllocation
Event: 9,971 Executing VM operation: ParallelGCFailedAllocation done
Event: 11,081 Executing VM operation: ParallelGCFailedAllocation
Event: 11,319 Executing VM operation: ParallelGCFailedAllocation done
Event: 11,968 loading class 0x00007f128c28ad30
Event: 11,968 loading class 0x00007f128c28ad30 done
Event: 12,417 Executing VM operation: ParallelGCFailedAllocation


Dynamic libraries:
00400000-00401000 r-xp 00000000 08:01 1769147                            /usr/lib/jvm/java-7-openjdk-amd64/jre/bin/java
00600000-00601000 r--p 00000000 08:01 1769147                            /usr/lib/jvm/java-7-openjdk-amd64/jre/bin/java
00601000-00602000 rw-p 00001000 08:01 1769147                            /usr/lib/jvm/java-7-openjdk-amd64/jre/bin/java
01795000-03963000 rw-p 00000000 00:00 0                                  [heap]
6fb400000-6fcc80000 rw-p 00000000 00:00 0 
6fcc80000-705a00000 rw-p 00000000 00:00 0 
705a00000-710080000 rw-p 00000000 00:00 0 
710080000-7ac880000 rw-p 00000000 00:00 0 
7ac880000-800000000 rw-p 00000000 00:00 0 
7f1274000000-7f1274b19000 rw-p 00000000 00:00 0 
7f1274b19000-7f1278000000 ---p 00000000 00:00 0 
7f127c000000-7f127cda6000 rw-p 00000000 00:00 0 
7f127cda6000-7f1280000000 ---p 00000000 00:00 0 
7f1280000000-7f1280c5e000 rw-p 00000000 00:00 0 
7f1280c5e000-7f1284000000 ---p 00000000 00:00 0 
7f1284000000-7f1285163000 rw-p 00000000 00:00 0 
7f1285163000-7f1288000000 ---p 00000000 00:00 0 
7f1288070000-7f1288076000 r--s 0003d000 08:06 16770                      /tmp/maven/repository/ch/qos/logback/logback-classic/1.1.2/logback-classic-1.1.2.jar
7f1288076000-7f128807b000 r--s 0002a000 08:06 16759                      /tmp/maven/repository/org/eclipse/persistence/org.eclipse.persistence.antlr/2.5.0/org.eclipse.persistence.antlr-2.5.0.jar
7f128807b000-7f1288082000 r--s 0003c000 08:06 16758                      /tmp/maven/repository/org/eclipse/persistence/org.eclipse.persistence.asm/2.5.0/org.eclipse.persistence.asm-2.5.0.jar
7f1288082000-7f12880c0000 r--s 00482000 08:06 16757                      /tmp/maven/repository/org/eclipse/persistence/org.eclipse.persistence.core/2.5.0/org.eclipse.persistence.core-2.5.0.jar
7f12880c0000-7f12880c7000 r--s 00071000 08:06 16756                      /tmp/maven/repository/org/eclipse/persistence/org.eclipse.persistence.moxy/2.5.0/org.eclipse.persistence.moxy-2.5.0.jar
7f12880c7000-7f12880c9000 r--s 00006000 08:06 16772                      /tmp/maven/repository/org/slf4j/slf4j-api/1.7.6/slf4j-api-1.7.6.jar
7f12880c9000-7f12880d3000 r--s 0005f000 08:06 16771                      /tmp/maven/repository/ch/qos/logback/logback-core/1.1.2/logback-core-1.1.2.jar
7f12880d5000-7f12880d6000 rw-p 00000000 00:00 0 
7f12880d6000-7f12880d9000 r--s 0000e000 08:06 16755                      /tmp/maven/repository/org/glassfish/jersey/ext/jersey-entity-filtering/2.14/jersey-entity-filtering-2.14.jar
7f12880d9000-7f12880db000 r--s 00005000 08:06 16754                      /tmp/maven/repository/org/glassfish/jersey/media/jersey-media-moxy/2.14/jersey-media-moxy-2.14.jar
7f12880db000-7f12880df000 r--s 00019000 08:06 16753                      /tmp/maven/repository/javax/ws/rs/javax.ws.rs-api/2.0.1/javax.ws.rs-api-2.0.1.jar
7f12880df000-7f12880e3000 r--s 0000c000 08:06 16752                      /tmp/maven/repository/javax/validation/validation-api/1.1.0.Final/validation-api-1.1.0.Final.jar
7f12880e3000-7f12880e7000 r--s 00022000 08:06 16751                      /tmp/maven/repository/org/glassfish/jersey/core/jersey-client/2.14/jersey-client-2.14.jar
7f12880e7000-7f12880fc000 r--s 000cd000 08:06 16750                      /tmp/maven/repository/org/glassfish/jersey/core/jersey-server/2.14/jersey-server-2.14.jar
7f12880fc000-7f1288106000 r--s 000a5000 08:06 16748                      /tmp/maven/repository/org/javassist/javassist/3.18.1-GA/javassist-3.18.1-GA.jar
7f1288106000-7f1288109000 r--s 00027000 08:06 16747                      /tmp/maven/repository/org/glassfish/hk2/hk2-locator/2.4.0-b06/hk2-locator-2.4.0-b06.jar
7f1288109000-7f128810b000 r--s 00002000 08:06 16746                      /tmp/maven/repository/org/glassfish/hk2/external/aopalliance-repackaged/2.4.0-b06/aopalliance-repackaged-2.4.0-b06.jar
7f128810b000-7f128810e000 r--s 00013000 08:06 16745                      /tmp/maven/repository/org/glassfish/hk2/hk2-utils/2.4.0-b06/hk2-utils-2.4.0-b06.jar
7f128810e000-7f1288113000 r--s 00026000 08:06 16744                      /tmp/maven/repository/org/glassfish/hk2/hk2-api/2.4.0-b06/hk2-api-2.4.0-b06.jar
7f1288113000-7f128812a000 r--s 000d4000 08:06 16743                      /tmp/maven/repository/org/glassfish/jersey/bundles/repackaged/jersey-guava/2.14/jersey-guava-2.14.jar
7f128812a000-7f1288138000 r--s 000a3000 08:06 16741                      /tmp/maven/repository/org/glassfish/jersey/core/jersey-common/2.14/jersey-common-2.14.jar
7f1288138000-7f128813f000 r--s 00000000 08:01 1372242                    /usr/lib/x86_64-linux-gnu/gconv/gconv-modules.cache
7f128813f000-7f1288162000 r--p 00000000 08:01 1365455                    /usr/share/locale/fr/LC_MESSAGES/libc.mo
7f1288162000-7f128816a000 r--s 00078000 08:06 16777                      /tmp/maven/repository/javax/mail/mail/1.4.7/mail-1.4.7.jar
7f128816a000-7f128817f000 r--s 000d2000 08:06 16773                      /tmp/maven/repository/org/jdbi/jdbi/2.56/jdbi-2.56.jar
7f128817f000-7f1288180000 r--s 00004000 08:06 16749                      /tmp/maven/repository/org/glassfish/hk2/osgi-resource-locator/1.0.1/osgi-resource-locator-1.0.1.jar
7f1288180000-7f1288181000 r--s 00001000 08:06 16740                      /tmp/maven/repository/org/glassfish/hk2/external/javax.inject/2.4.0-b06/javax.inject-2.4.0-b06.jar
7f1288181000-7f1288183000 r--s 0000c000 08:06 16739                      /tmp/maven/repository/org/glassfish/jersey/containers/jersey-container-servlet-core/2.14/jersey-container-servlet-core-2.14.jar
7f1288183000-7f1288184000 r--s 00003000 08:06 16738                      /tmp/maven/repository/org/glassfish/jersey/containers/jersey-container-servlet/2.14/jersey-container-servlet-2.14.jar
7f1288184000-7f1288186000 r--s 0000e000 08:06 16778                      /tmp/maven/repository/javax/activation/activation/1.1/activation-1.1.jar
7f1288186000-7f128818b000 r--s 00068000 08:06 16776                      /tmp/maven/repository/antlr/antlr/2.7.7/antlr-2.7.7.jar
7f128818b000-7f128818e000 r--s 00022000 08:06 16775                      /tmp/maven/repository/org/antlr/stringtemplate/3.2.1/stringtemplate-3.2.1.jar
7f128818e000-7f1288191000 r--s 003c4000 08:06 16774                      /tmp/maven/repository/org/xerial/sqlite-jdbc/3.8.7/sqlite-jdbc-3.8.7.jar
7f1288191000-7f1288194000 ---p 00000000 00:00 0 
7f1288194000-7f1288292000 rw-p 00000000 00:00 0                          [stack:11212]
7f1288292000-7f1288295000 ---p 00000000 00:00 0 
7f1288295000-7f1288393000 rw-p 00000000 00:00 0                          [stack:11211]
7f1288393000-7f1288396000 ---p 00000000 00:00 0 
7f1288396000-7f1288494000 rw-p 00000000 00:00 0                          [stack:11210]
7f1288494000-7f1288497000 ---p 00000000 00:00 0 
7f1288497000-7f1288595000 rw-p 00000000 00:00 0                          [stack:11209]
7f1288595000-7f1288598000 ---p 00000000 00:00 0 
7f1288598000-7f1288696000 rw-p 00000000 00:00 0                          [stack:11208]
7f1288696000-7f128869e000 r-xp 00000000 08:01 1769226                    /usr/lib/jvm/java-7-openjdk-amd64/jre/lib/amd64/libmanagement.so
7f128869e000-7f128889d000 ---p 00008000 08:01 1769226                    /usr/lib/jvm/java-7-openjdk-amd64/jre/lib/amd64/libmanagement.so
7f128889d000-7f128889e000 r--p 00007000 08:01 1769226                    /usr/lib/jvm/java-7-openjdk-amd64/jre/lib/amd64/libmanagement.so
7f128889e000-7f128889f000 rw-p 00008000 08:01 1769226                    /usr/lib/jvm/java-7-openjdk-amd64/jre/lib/amd64/libmanagement.so
7f128889f000-7f12888a1000 r--s 00006000 08:06 17880                      /tmp/maven/repository/javax/transaction/javax.transaction-api/1.2/javax.transaction-api-1.2.jar
7f12888a1000-7f12888a6000 r--s 0002d000 08:06 24553                      /tmp/maven/repository/org/apache/taglibs/taglibs-standard-impl/1.2.1/taglibs-standard-impl-1.2.1.jar
7f12888a6000-7f12888a8000 r--s 00008000 08:06 24552                      /tmp/maven/repository/org/apache/taglibs/taglibs-standard-spec/1.2.1/taglibs-standard-spec-1.2.1.jar
7f12888a8000-7f12888a9000 r--s 00000000 08:06 24551                      /tmp/maven/repository/org/eclipse/jetty/apache-jstl/9.3.0.M1/apache-jstl-9.3.0.M1.jar
7f12888a9000-7f12888b8000 r--s 001a0000 08:06 24550                      /tmp/maven/repository/org/eclipse/jetty/orbit/org.eclipse.jdt.core/3.8.2.v20130121/org.eclipse.jdt.core-3.8.2.v20130121.jar
7f12888b8000-7f12888bd000 r--s 00036000 08:06 24549                      /tmp/maven/repository/org/mortbay/jasper/apache-el/8.0.9.M3/apache-el-8.0.9.M3.jar
7f12888bd000-7f12888cb000 r--s 000dc000 08:06 24548                      /tmp/maven/repository/org/mortbay/jasper/apache-jsp/8.0.9.M3/apache-jsp-8.0.9.M3.jar
7f12888cb000-7f12888cd000 r--s 0002c000 08:06 17879                      /tmp/maven/repository/org/eclipse/jetty/toolchain/jetty-schemas/3.1.M0/jetty-schemas-3.1.M0.jar
7f12888cd000-7f12888cf000 r--s 00001000 08:06 17878                      /tmp/maven/repository/org/eclipse/jetty/apache-jsp/9.3.0.M1/apache-jsp-9.3.0.M1.jar
7f12888cf000-7f12888d1000 r--s 00003000 08:06 17877                      /tmp/maven/repository/org/eclipse/jetty/websocket/websocket-servlet/9.3.0.M1/websocket-servlet-9.3.0.M1.jar
7f12888d1000-7f12888d3000 r--s 00007000 08:06 17876                      /tmp/maven/repository/org/eclipse/jetty/websocket/websocket-client/9.3.0.M1/websocket-client-9.3.0.M1.jar
7f12888d3000-7f12888d5000 r--s 00009000 08:06 17875                      /tmp/maven/repository/org/eclipse/jetty/websocket/websocket-api/9.3.0.M1/websocket-api-9.3.0.M1.jar
7f12888d5000-7f12888d9000 r--s 00028000 08:06 17874                      /tmp/maven/repository/org/eclipse/jetty/websocket/websocket-common/9.3.0.M1/websocket-common-9.3.0.M1.jar
7f12888d9000-7f12888db000 r--s 00008000 08:06 17873                      /tmp/maven/repository/org/eclipse/jetty/websocket/websocket-server/9.3.0.M1/websocket-server-9.3.0.M1.jar
7f12888db000-7f12888dd000 r--s 00007000 08:06 17872                      /tmp/maven/repository/javax/websocket/javax.websocket-api/1.0/javax.websocket-api-1.0.jar
7f12888dd000-7f12888e2000 r--s 00022000 08:06 17871                      /tmp/maven/repository/org/eclipse/jetty/websocket/javax-websocket-client-impl/9.3.0.M1/javax-websocket-client-impl-9.3.0.M1.jar
7f12888e2000-7f12888e4000 r--s 00008000 08:06 17870                      /tmp/maven/repository/org/eclipse/jetty/websocket/javax-websocket-server-impl/9.3.0.M1/javax-websocket-server-impl-9.3.0.M1.jar
7f12888e4000-7f12888e6000 r--s 00006000 08:06 17869                      /tmp/maven/repository/org/ow2/asm/asm-tree/5.0.1/asm-tree-5.0.1.jar
7f12888e6000-7f12888e8000 r--s 00009000 08:06 17868                      /tmp/maven/repository/org/ow2/asm/asm-commons/5.0.1/asm-commons-5.0.1.jar
7f12888e8000-7f12888e9000 r--s 0000c000 08:06 17867                      /tmp/maven/repository/org/ow2/asm/asm/5.0.1/asm-5.0.1.jar
7f12888e9000-7f12888eb000 r--s 00005000 08:06 16742                      /tmp/maven/repository/javax/annotation/javax.annotation-api/1.2/javax.annotation-api-1.2.jar
7f12888eb000-7f12888ed000 r--s 00012000 08:06 17866                      /tmp/maven/repository/org/eclipse/jetty/jetty-annotations/9.3.0.M1/jetty-annotations-9.3.0.M1.jar
7f12888ed000-7f12888ee000 r--s 00005000 08:06 17865                      /tmp/maven/repository/org/eclipse/jetty/jetty-jmx/9.3.0.M1/jetty-jmx-9.3.0.M1.jar
7f12888ee000-7f12888f1000 r--s 00018000 08:06 17864                      /tmp/maven/repository/org/eclipse/jetty/jetty-io/9.3.0.M1/jetty-io-9.3.0.M1.jar
7f12888f1000-7f12888f4000 r--s 00019000 08:06 17863                      /tmp/maven/repository/org/eclipse/jetty/jetty-http/9.3.0.M1/jetty-http-9.3.0.M1.jar
7f12888f4000-7f12888f7000 r--s 00015000 08:06 16769                      /tmp/maven/repository/javax/servlet/javax.servlet-api/3.1.0/javax.servlet-api-3.1.0.jar
7f12888f7000-7f12888fd000 r--s 00064000 08:06 17862                      /tmp/maven/repository/org/eclipse/jetty/jetty-server/9.3.0.M1/jetty-server-9.3.0.M1.jar
7f12888fd000-7f12888ff000 r--s 00009000 08:06 17861                      /tmp/maven/repository/org/eclipse/jetty/jetty-jndi/9.3.0.M1/jetty-jndi-9.3.0.M1.jar
7f12888ff000-7f1288901000 r--s 0000c000 08:06 17860                      /tmp/maven/repository/org/eclipse/jetty/jetty-plus/9.3.0.M1/jetty-plus-9.3.0.M1.jar
7f1288901000-7f1288903000 r--s 00015000 08:06 17859                      /tmp/maven/repository/org/eclipse/jetty/jetty-security/9.3.0.M1/jetty-security-9.3.0.M1.jar
7f1288903000-7f1288905000 r--s 00008000 08:06 17858                      /tmp/maven/repository/org/eclipse/jetty/jetty-jaas/9.3.0.M1/jetty-jaas-9.3.0.M1.jar
7f1288905000-7f1288906000 r--s 00006000 08:06 17857                      /tmp/maven/repository/org/eclipse/jetty/jetty-quickstart/9.3.0.M1/jetty-quickstart-9.3.0.M1.jar
7f1288906000-7f1288908000 r--s 0001a000 08:06 17856                      /tmp/maven/repository/org/eclipse/jetty/jetty-servlet/9.3.0.M1/jetty-servlet-9.3.0.M1.jar
7f1288908000-7f1288909000 r--s 0000a000 08:06 17855                      /tmp/maven/repository/org/eclipse/jetty/jetty-xml/9.3.0.M1/jetty-xml-9.3.0.M1.jar
7f1288909000-7f128890b000 r--s 00019000 08:06 17854                      /tmp/maven/repository/org/eclipse/jetty/jetty-webapp/9.3.0.M1/jetty-webapp-9.3.0.M1.jar
7f128890b000-7f1288911000 r--s 00051000 08:06 17853                      /tmp/maven/repository/org/eclipse/jetty/jetty-util/9.3.0.M1/jetty-util-9.3.0.M1.jar
7f1288911000-7f1288919000 r--s 00049000 08:06 17852                      /tmp/maven/repository/backport-util-concurrent/backport-util-concurrent/3.1/backport-util-concurrent-3.1.jar
7f1288919000-7f128891a000 r--s 00005000 08:06 17851                      /tmp/maven/repository/org/apache/maven/plugin-tools/maven-plugin-tools-api/3.1/maven-plugin-tools-api-3.1.jar
7f128891a000-7f128891c000 r--s 00002000 08:06 17850                      /tmp/maven/repository/org/sonatype/plexus/plexus-cipher/1.4/plexus-cipher-1.4.jar
7f128891c000-7f128891d000 r--s 00006000 08:06 17849                      /tmp/maven/repository/org/sonatype/plexus/plexus-sec-dispatcher/1.3/plexus-sec-dispatcher-1.3.jar
7f128891d000-7f128891f000 r--s 0000d000 08:06 17848                      /tmp/maven/repository/org/codehaus/plexus/plexus-interpolation/1.14/plexus-interpolation-1.14.jar
7f128891f000-7f1288923000 r--s 0001a000 08:06 17847                      /tmp/maven/repository/org/sonatype/aether/aether-util/1.11/aether-util-1.11.jar
7f1288923000-7f1288927000 r--s 00033000 08:06 17846                      /tmp/maven/repository/org/codehaus/plexus/plexus-utils/2.0.6/plexus-utils-2.0.6.jar
7f1288927000-7f1288933000 r--s 0006b000 08:06 17845                      /tmp/maven/repository/org/sonatype/sisu/sisu-guice/2.9.4/sisu-guice-2.9.4-no_aop.jar
7f1288933000-7f1288939000 r--s 00033000 08:06 17844                      /tmp/maven/repository/org/sonatype/sisu/sisu-inject-bean/2.1.1/sisu-inject-bean-2.1.1.jar
7f1288939000-7f128893b000 r--s 00016000 08:06 17154                      /tmp/maven/repository/org/eclipse/jetty/jetty-maven-plugin/9.3.0.M1/jetty-maven-plugin-9.3.0.M1.jar
7f128893b000-7f128893e000 r--s 0001b000 08:06 17502                      /tmp/maven/repository/junit/junit/3.8.2/junit-3.8.2.jar
7f128893e000-7f128894c000 r--s 0008f000 08:06 17501                      /tmp/maven/repository/com/google/collections/google-collections/1.0/google-collections-1.0.jar
7f128894c000-7f128894d000 r--s 0000a000 08:06 17500                      /tmp/maven/repository/commons-logging/commons-logging-api/1.1/commons-logging-api-1.1.jar
7f128894d000-7f1288954000 r--s 00051000 08:06 17499                      /tmp/maven/repository/log4j/log4j/1.2.12/log4j-1.2.12.jar
7f1288954000-7f1288958000 r--s 0001d000 08:06 17498                      /tmp/maven/repository/org/apache/xbean/xbean-reflect/3.4/xbean-reflect-3.4.jar
7f1288958000-7f128895a000 r--s 00000000 08:06 17496                      /tmp/maven/repository/org/codehaus/plexus/plexus-compiler-manager/2.2/plexus-compiler-manager-2.2.jar
7f128895a000-7f128895c000 r--s 00005000 08:06 17495                      /tmp/maven/repository/org/codehaus/plexus/plexus-compiler-api/2.2/plexus-compiler-api-2.2.jar
7f128895c000-7f128895e000 r--s 00000000 08:06 17494                      /tmp/maven/repository/org/codehaus/plexus/plexus-component-annotations/1.5.5/plexus-component-annotations-1.5.5.jar
7f128895e000-7f1288960000 r--s 00002000 08:06 17493                      /tmp/maven/repository/org/apache/maven/shared/maven-shared-incremental/1.1/maven-shared-incremental-1.1.jar
7f1288960000-7f1288963000 ---p 00000000 00:00 0 
7f1288963000-7f1288a61000 rw-p 00000000 00:00 0                          [stack:11206]
7f1288a61000-7f1288a64000 ---p 00000000 00:00 0 
7f1288a64000-7f1288b62000 rw-p 00000000 00:00 0                          [stack:11205]
7f1288b62000-7f1288b67000 r-xp 00000000 08:01 98679                      /lib/x86_64-linux-gnu/libnss_dns-2.13.so
7f1288b67000-7f1288d66000 ---p 00005000 08:01 98679                      /lib/x86_64-linux-gnu/libnss_dns-2.13.so
7f1288d66000-7f1288d67000 r--p 00004000 08:01 98679                      /lib/x86_64-linux-gnu/libnss_dns-2.13.so
7f1288d67000-7f1288d68000 rw-p 00005000 08:01 98679                      /lib/x86_64-linux-gnu/libnss_dns-2.13.so
7f1288d68000-7f1288d6a000 r-xp 00000000 08:01 99709                      /lib/libnss_mdns4_minimal.so.2
7f1288d6a000-7f1288f69000 ---p 00002000 08:01 99709                      /lib/libnss_mdns4_minimal.so.2
7f1288f69000-7f1288f6a000 rw-p 00001000 08:01 99709                      /lib/libnss_mdns4_minimal.so.2
7f1288f6a000-7f1288f6d000 ---p 00000000 00:00 0 
7f1288f6d000-7f128906b000 rw-p 00000000 00:00 0                          [stack:11207]
7f128906b000-7f12890db000 r-xp 00000000 08:01 1516388                    /usr/lib/x86_64-linux-gnu/nss/libfreebl3.so
7f12890db000-7f12892db000 ---p 00070000 08:01 1516388                    /usr/lib/x86_64-linux-gnu/nss/libfreebl3.so
7f12892db000-7f12892dd000 r--p 00070000 08:01 1516388                    /usr/lib/x86_64-linux-gnu/nss/libfreebl3.so
7f12892dd000-7f12892de000 rw-p 00072000 08:01 1516388                    /usr/lib/x86_64-linux-gnu/nss/libfreebl3.so
7f12892de000-7f12892e2000 rw-p 00000000 00:00 0 
7f12892e2000-7f1289388000 r-xp 00000000 08:01 1368543                    /usr/lib/x86_64-linux-gnu/libsqlite3.so.0.8.6
7f1289388000-7f1289588000 ---p 000a6000 08:01 1368543                    /usr/lib/x86_64-linux-gnu/libsqlite3.so.0.8.6
7f1289588000-7f128958a000 r--p 000a6000 08:01 1368543                    /usr/lib/x86_64-linux-gnu/libsqlite3.so.0.8.6
7f128958a000-7f128958c000 rw-p 000a8000 08:01 1368543                    /usr/lib/x86_64-linux-gnu/libsqlite3.so.0.8.6
7f128958c000-7f128958d000 rw-p 00000000 00:00 0 
7f128958d000-7f12895ce000 r-xp 00000000 08:01 1516387                    /usr/lib/x86_64-linux-gnu/nss/libsoftokn3.so
7f12895ce000-7f12897cd000 ---p 00041000 08:01 1516387                    /usr/lib/x86_64-linux-gnu/nss/libsoftokn3.so
7f12897cd000-7f12897cf000 r--p 00040000 08:01 1516387                    /usr/lib/x86_64-linux-gnu/nss/libsoftokn3.so
7f12897cf000-7f12897d0000 rw-p 00042000 08:01 1516387                    /usr/lib/x86_64-linux-gnu/nss/libsoftokn3.so
7f12897d0000-7f128980b000 r-xp 00000000 08:01 1373049                    /usr/lib/x86_64-linux-gnu/libnspr4.so
7f128980b000-7f1289a0b000 ---p 0003b000 08:01 1373049                    /usr/lib/x86_64-linux-gnu/libnspr4.so
7f1289a0b000-7f1289a0c000 r--p 0003b000 08:01 1373049                    /usr/lib/x86_64-linux-gnu/libnspr4.so
7f1289a0c000-7f1289a0e000 rw-p 0003c000 08:01 1373049                    /usr/lib/x86_64-linux-gnu/libnspr4.so
7f1289a0e000-7f1289a10000 rw-p 00000000 00:00 0 
7f1289a10000-7f1289a13000 r-xp 00000000 08:01 1373048                    /usr/lib/x86_64-linux-gnu/libplds4.so
7f1289a13000-7f1289c12000 ---p 00003000 08:01 1373048                    /usr/lib/x86_64-linux-gnu/libplds4.so
7f1289c12000-7f1289c13000 r--p 00002000 08:01 1373048                    /usr/lib/x86_64-linux-gnu/libplds4.so
7f1289c13000-7f1289c14000 rw-p 00003000 08:01 1373048                    /usr/lib/x86_64-linux-gnu/libplds4.so
7f1289c14000-7f1289c18000 r-xp 00000000 08:01 1373050                    /usr/lib/x86_64-linux-gnu/libplc4.so
7f1289c18000-7f1289e17000 ---p 00004000 08:01 1373050                    /usr/lib/x86_64-linux-gnu/libplc4.so
7f1289e17000-7f1289e18000 r--p 00003000 08:01 1373050                    /usr/lib/x86_64-linux-gnu/libplc4.so
7f1289e18000-7f1289e19000 rw-p 00004000 08:01 1373050                    /usr/lib/x86_64-linux-gnu/libplc4.so
7f1289e19000-7f1289e3e000 r-xp 00000000 08:01 1367620                    /usr/lib/x86_64-linux-gnu/libnssutil3.so
7f1289e3e000-7f128a03e000 ---p 00025000 08:01 1367620                    /usr/lib/x86_64-linux-gnu/libnssutil3.so
7f128a03e000-7f128a044000 r--p 00025000 08:01 1367620                    /usr/lib/x86_64-linux-gnu/libnssutil3.so
7f128a044000-7f128a045000 rw-p 0002b000 08:01 1367620                    /usr/lib/x86_64-linux-gnu/libnssutil3.so
7f128a045000-7f128a17a000 r-xp 00000000 08:01 1372647                    /usr/lib/x86_64-linux-gnu/libnss3.so
7f128a17a000-7f128a37a000 ---p 00135000 08:01 1372647                    /usr/lib/x86_64-linux-gnu/libnss3.so
7f128a37a000-7f128a37f000 r--p 00135000 08:01 1372647                    /usr/lib/x86_64-linux-gnu/libnss3.so
7f128a37f000-7f128a382000 rw-p 0013a000 08:01 1372647                    /usr/lib/x86_64-linux-gnu/libnss3.so
7f128a382000-7f128a383000 rw-p 00000000 00:00 0 
7f128a383000-7f128a384000 r--s 00004000 08:06 17497                      /tmp/maven/repository/org/codehaus/plexus/plexus-compiler-javac/2.2/plexus-compiler-javac-2.2.jar
7f128a384000-7f128a386000 r--s 00006000 08:06 17492                      /tmp/maven/repository/com/google/code/findbugs/jsr305/2.0.1/jsr305-2.0.1.jar
7f128a386000-7f128a389000 r--s 00023000 08:06 17491                      /tmp/maven/repository/org/apache/maven/shared/maven-shared-utils/0.1/maven-shared-utils-0.1.jar
7f128a389000-7f128a38d000 r--s 00030000 08:06 17490                      /tmp/maven/repository/org/codehaus/plexus/plexus-utils/1.5.1/plexus-utils-1.5.1.jar
7f128a38d000-7f128a38f000 r--s 00009000 08:06 16864                      /tmp/maven/repository/org/apache/maven/plugins/maven-compiler-plugin/3.1/maven-compiler-plugin-3.1.jar
7f128a38f000-7f128a391000 r--s 0000b000 08:06 24595                      /tmp/maven/repository/org/codehaus/plexus/plexus-interpolation/1.6/plexus-interpolation-1.6.jar
7f128a391000-7f128a393000 r--s 00002000 08:06 17100                      /tmp/maven/repository/org/codehaus/plexus/plexus-interactivity-api/1.0-alpha-4/plexus-interactivity-api-1.0-alpha-4.jar
7f128a393000-7f128a395000 r--s 00006000 08:06 17099                      /tmp/maven/repository/commons-cli/commons-cli/1.0/commons-cli-1.0.jar
7f128a395000-7f128a396000 r--s 00001000 08:06 17098                      /tmp/maven/repository/org/apache/maven/doxia/doxia-sink-api/1.0-alpha-7/doxia-sink-api-1.0-alpha-7.jar
7f128a396000-7f128a397000 r--s 00002000 08:06 17097                      /tmp/maven/repository/org/apache/maven/reporting/maven-reporting-api/2.0.6/maven-reporting-api-2.0.6.jar
7f128a397000-7f128a399000 r--s 00007000 08:06 24596                      /tmp/maven/repository/org/apache/maven/shared/maven-filtering/1.0-beta-2/maven-filtering-1.0-beta-2.jar
7f128a399000-7f128a39e000 r--s 00039000 08:06 24594                      /tmp/maven/repository/org/codehaus/plexus/plexus-utils/1.5.6/plexus-utils-1.5.6.jar
7f128a39e000-7f128a3a1000 r--s 0001b000 08:06 17101                      /tmp/maven/repository/junit/junit/3.8.1/junit-3.8.1.jar
7f128a3a1000-7f128a3a3000 r--s 00004000 08:06 24572                      /tmp/maven/repository/org/apache/maven/plugins/maven-resources-plugin/2.3/maven-resources-plugin-2.3.jar
7f128a3a3000-7f128a3b3000 r-xp 00000000 08:01 1769204                    /usr/lib/jvm/java-7-openjdk-amd64/jre/lib/amd64/libj2pkcs11.so
7f128a3b3000-7f128a5b2000 ---p 00010000 08:01 1769204                    /usr/lib/jvm/java-7-openjdk-amd64/jre/lib/amd64/libj2pkcs11.so
7f128a5b2000-7f128a5b3000 r--p 0000f000 08:01 1769204                    /usr/lib/jvm/java-7-openjdk-amd64/jre/lib/amd64/libj2pkcs11.so
7f128a5b3000-7f128a5b4000 rw-p 00010000 08:01 1769204                    /usr/lib/jvm/java-7-openjdk-amd64/jre/lib/amd64/libj2pkcs11.so
7f128a5b4000-7f128a5f0000 r-xp 00000000 08:01 99396                      /lib/x86_64-linux-gnu/libpcre.so.3.13.1
7f128a5f0000-7f128a7f0000 ---p 0003c000 08:01 99396                      /lib/x86_64-linux-gnu/libpcre.so.3.13.1
7f128a7f0000-7f128a7f1000 rw-p 0003c000 08:01 99396                      /lib/x86_64-linux-gnu/libpcre.so.3.13.1
7f128a7f1000-7f128a7fd000 r-xp 00000000 08:01 1372500                    /usr/lib/x86_64-linux-gnu/libffi.so.5.0.10
7f128a7fd000-7f128a9fd000 ---p 0000c000 08:01 1372500                    /usr/lib/x86_64-linux-gnu/libffi.so.5.0.10
7f128a9fd000-7f128a9fe000 rw-p 0000c000 08:01 1372500                    /usr/lib/x86_64-linux-gnu/libffi.so.5.0.10
7f128a9fe000-7f128a9ff000 r-xp 00000000 08:01 1372503                    /usr/lib/x86_64-linux-gnu/libgthread-2.0.so.0.3200.4
7f128a9ff000-7f128abfe000 ---p 00001000 08:01 1372503                    /usr/lib/x86_64-linux-gnu/libgthread-2.0.so.0.3200.4
7f128abfe000-7f128abff000 r--p 00000000 08:01 1372503                    /usr/lib/x86_64-linux-gnu/libgthread-2.0.so.0.3200.4
7f128abff000-7f128ac00000 rw-p 00001000 08:01 1372503                    /usr/lib/x86_64-linux-gnu/libgthread-2.0.so.0.3200.4
7f128ac00000-7f128ac13000 r-xp 00000000 08:01 98687                      /lib/x86_64-linux-gnu/libresolv-2.13.so
7f128ac13000-7f128ae12000 ---p 00013000 08:01 98687                      /lib/x86_64-linux-gnu/libresolv-2.13.so
7f128ae12000-7f128ae13000 r--p 00012000 08:01 98687                      /lib/x86_64-linux-gnu/libresolv-2.13.so
7f128ae13000-7f128ae14000 rw-p 00013000 08:01 98687                      /lib/x86_64-linux-gnu/libresolv-2.13.so
7f128ae14000-7f128ae16000 rw-p 00000000 00:00 0 
7f128ae16000-7f128ae34000 r-xp 00000000 08:01 98156                      /lib/x86_64-linux-gnu/libselinux.so.1
7f128ae34000-7f128b033000 ---p 0001e000 08:01 98156                      /lib/x86_64-linux-gnu/libselinux.so.1
7f128b033000-7f128b034000 r--p 0001d000 08:01 98156                      /lib/x86_64-linux-gnu/libselinux.so.1
7f128b034000-7f128b035000 rw-p 0001e000 08:01 98156                      /lib/x86_64-linux-gnu/libselinux.so.1
7f128b035000-7f128b036000 rw-p 00000000 00:00 0 
7f128b036000-7f128b039000 r-xp 00000000 08:01 1372504                    /usr/lib/x86_64-linux-gnu/libgmodule-2.0.so.0.3200.4
7f128b039000-7f128b238000 ---p 00003000 08:01 1372504                    /usr/lib/x86_64-linux-gnu/libgmodule-2.0.so.0.3200.4
7f128b238000-7f128b239000 r--p 00002000 08:01 1372504                    /usr/lib/x86_64-linux-gnu/libgmodule-2.0.so.0.3200.4
7f128b239000-7f128b23a000 rw-p 00003000 08:01 1372504                    /usr/lib/x86_64-linux-gnu/libgmodule-2.0.so.0.3200.4
7f128b23a000-7f128b32f000 r-xp 00000000 08:01 98126                      /lib/x86_64-linux-gnu/libglib-2.0.so.0.3200.4
7f128b32f000-7f128b52f000 ---p 000f5000 08:01 98126                      /lib/x86_64-linux-gnu/libglib-2.0.so.0.3200.4
7f128b52f000-7f128b530000 r--p 000f5000 08:01 98126                      /lib/x86_64-linux-gnu/libglib-2.0.so.0.3200.4
7f128b530000-7f128b531000 rw-p 000f6000 08:01 98126                      /lib/x86_64-linux-gnu/libglib-2.0.so.0.3200.4
7f128b531000-7f128b532000 rw-p 00000000 00:00 0 
7f128b532000-7f128b580000 r-xp 00000000 08:01 1372502                    /usr/lib/x86_64-linux-gnu/libgobject-2.0.so.0.3200.4
7f128b580000-7f128b780000 ---p 0004e000 08:01 1372502                    /usr/lib/x86_64-linux-gnu/libgobject-2.0.so.0.3200.4
7f128b780000-7f128b781000 r--p 0004e000 08:01 1372502                    /usr/lib/x86_64-linux-gnu/libgobject-2.0.so.0.3200.4
7f128b781000-7f128b782000 rw-p 0004f000 08:01 1372502                    /usr/lib/x86_64-linux-gnu/libgobject-2.0.so.0.3200.4
7f128b782000-7f128b8ce000 r-xp 00000000 08:01 1372505                    /usr/lib/x86_64-linux-gnu/libgio-2.0.so.0.3200.4
7f128b8ce000-7f128bacd000 ---p 0014c000 08:01 1372505                    /usr/lib/x86_64-linux-gnu/libgio-2.0.so.0.3200.4
7f128bacd000-7f128bad1000 r--p 0014b000 08:01 1372505                    /usr/lib/x86_64-linux-gnu/libgio-2.0.so.0.3200.4
7f128bad1000-7f128bad3000 rw-p 0014f000 08:01 1372505                    /usr/lib/x86_64-linux-gnu/libgio-2.0.so.0.3200.4
7f128bad3000-7f128bad5000 rw-p 00000000 00:00 0 
7f128bad5000-7f128baec000 r-xp 00000000 08:01 1769229                    /usr/lib/jvm/java-7-openjdk-amd64/jre/lib/amd64/libnet.so
7f128baec000-7f128bceb000 ---p 00017000 08:01 1769229                    /usr/lib/jvm/java-7-openjdk-amd64/jre/lib/amd64/libnet.so
7f128bceb000-7f128bcec000 r--p 00016000 08:01 1769229                    /usr/lib/jvm/java-7-openjdk-amd64/jre/lib/amd64/libnet.so
7f128bcec000-7f128bced000 rw-p 00017000 08:01 1769229                    /usr/lib/jvm/java-7-openjdk-amd64/jre/lib/amd64/libnet.so
7f128bced000-7f128bcfd000 r-xp 00000000 08:01 1769231                    /usr/lib/jvm/java-7-openjdk-amd64/jre/lib/amd64/libnio.so
7f128bcfd000-7f128befd000 ---p 00010000 08:01 1769231                    /usr/lib/jvm/java-7-openjdk-amd64/jre/lib/amd64/libnio.so
7f128befd000-7f128befe000 r--p 00010000 08:01 1769231                    /usr/lib/jvm/java-7-openjdk-amd64/jre/lib/amd64/libnio.so
7f128befe000-7f128beff000 rw-p 00011000 08:01 1769231                    /usr/lib/jvm/java-7-openjdk-amd64/jre/lib/amd64/libnio.so
7f128beff000-7f128bf00000 ---p 00000000 00:00 0 
7f128bf00000-7f128c000000 rw-p 00000000 00:00 0                          [stack:11189]
7f128c000000-7f128e53a000 rw-p 00000000 00:00 0 
7f128e53a000-7f1290000000 ---p 00000000 00:00 0 
7f1290000000-7f1290009000 r--s 000b9000 08:01 1769171                    /usr/lib/jvm/java-7-openjdk-amd64/jre/lib/resources.jar
7f1290009000-7f129000c000 r--s 00017000 08:01 1769175                    /usr/lib/jvm/java-7-openjdk-amd64/jre/lib/jce.jar
7f129000c000-7f129000f000 ---p 00000000 00:00 0 
7f129000f000-7f1290045000 rw-p 00000000 00:00 0                          [stack:11191]
7f1290045000-7f1290046000 r--p 00000000 00:00 0 
7f1290046000-7f129004a000 r--s 0004d000 08:01 1769174                    /usr/lib/jvm/java-7-openjdk-amd64/jre/lib/jsse.jar
7f129004a000-7f129004d000 r--s 0001d000 08:01 1848116                    /usr/share/maven-repo/org/sonatype/aether/aether-impl/1.13.1/aether-impl-1.13.1.jar
7f129004d000-7f1290053000 r--s 00046000 08:01 1410201                    /usr/share/java/commons-httpclient-3.1.jar
7f1290053000-7f1290055000 r--s 00009000 08:01 1218301                    /usr/share/maven/lib/maven-plugin-api-3.0.4.jar
7f1290055000-7f1290057000 r--s 00007000 08:01 1410239                    /usr/share/java/commons-cli-1.2.jar
7f1290057000-7f1290063000 r--s 00082000 08:01 1410936                    /usr/share/java/sisu-guice.jar
7f1290063000-7f1290065000 r--s 00009000 08:01 1218296                    /usr/share/maven/lib/maven-settings-3.0.4.jar
7f1290065000-7f1290067000 r--s 0000b000 08:01 1840304                    /usr/share/maven-repo/org/codehaus/plexus/plexus-interpolation/1.11/plexus-interpolation-1.11.jar
7f1290067000-7f1290069000 r--s 0000a000 08:01 1411032                    /usr/share/java/wagon-provider-api-2.x.jar
7f1290069000-7f129006f000 r--s 00034000 08:01 1410199                    /usr/share/java/commons-codec-1.6.jar
7f129006f000-7f1290071000 r--s 00003000 08:01 1410624                    /usr/share/java/jsr305-0.1~+svn49.jar
7f1290071000-7f1290092000 r--s 0013f000 08:01 1410933                    /usr/share/java/guava-11.0.2.jar
7f1290092000-7f1290093000 r--s 00001000 08:01 1411039                    /usr/share/java/wagon-file-2.x.jar
7f1290093000-7f1290095000 r--s 00007000 08:01 1218305                    /usr/share/maven/lib/maven-settings-builder-3.0.4.jar
7f1290095000-7f1290096000 r--s 00006000 08:01 1410765                    /usr/share/java/plexus-sec-dispatcher.jar
7f1290096000-7f1290097000 r--s 00003000 08:01 1848085                    /usr/share/maven-repo/org/sonatype/aether/aether-spi/1.13.1/aether-spi-1.13.1.jar
7f1290097000-7f129009d000 r--s 0003e000 08:01 1218298                    /usr/share/maven/lib/maven-compat-3.0.4.jar
7f129009d000-7f129009f000 r--s 0000a000 08:01 1218297                    /usr/share/maven/lib/maven-artifact-3.0.4.jar
7f129009f000-7f12900a3000 r--s 00020000 08:01 1218300                    /usr/share/maven/lib/maven-model-builder-3.0.4.jar
7f12900a3000-7f12900a7000 r--s 00033000 08:01 1410915                    /usr/share/java/plexus-utils2-2.0.5.jar
7f12900a7000-7f12900a9000 r--s 0000b000 08:01 1218302                    /usr/share/maven/lib/maven-aether-provider-3.0.4.jar
7f12900a9000-7f12900ab000 r--s 00002000 08:01 1410763                    /usr/share/java/plexus-cipher.jar
7f12900ab000-7f12900b7000 r--s 0007c000 08:01 1218304                    /usr/share/maven/lib/maven-core-3.0.4.jar
7f12900b7000-7f12900b9000 r--s 0000c000 08:01 1409937                    /usr/share/java/commons-logging-1.1.1.jar
7f12900b9000-7f12900bc000 r--s 00013000 08:01 1848132                    /usr/share/maven-repo/org/sonatype/aether/aether-api/1.13.1/aether-api-1.13.1.jar
7f12900bc000-7f12900d4000 r--s 000d6000 08:01 1411035                    /usr/share/java/wagon-http-shaded-2.x.jar
7f12900d4000-7f12900d6000 r--s 00025000 08:01 1218303                    /usr/share/maven/lib/maven-model-3.0.4.jar
7f12900d6000-7f12900d9000 ---p 00000000 00:00 0 
7f12900d9000-7f12901d7000 rw-p 00000000 00:00 0                          [stack:11188]
7f12901d7000-7f12901da000 ---p 00000000 00:00 0 
7f12901da000-7f12902d8000 rw-p 00000000 00:00 0                          [stack:11187]
7f12902d8000-7f12902db000 ---p 00000000 00:00 0 
7f12902db000-7f12903d9000 rw-p 00000000 00:00 0                          [stack:11186]
7f12903d9000-7f12903dc000 ---p 00000000 00:00 0 
7f12903dc000-7f12904da000 rw-p 00000000 00:00 0                          [stack:11185]
7f12904da000-7f1290651000 r--p 00000000 08:01 1367686                    /usr/lib/locale/locale-archive
7f1290651000-7f1290654000 ---p 00000000 00:00 0 
7f1290654000-7f1290752000 rw-p 00000000 00:00 0                          [stack:11184]
7f1290752000-7f1290755000 ---p 00000000 00:00 0 
7f1290755000-7f1290853000 rw-p 00000000 00:00 0                          [stack:11183]
7f1290853000-7f1290854000 ---p 00000000 00:00 0 
7f1290854000-7f1291951000 rw-p 00000000 00:00 0                          [stack:11182]
7f1291951000-7f1291b03000 r--s 01d23000 08:01 1769737                    /usr/lib/jvm/java-7-openjdk-amd64/jre/lib/rt.jar
7f1291b03000-7f129a6d4000 rw-p 00000000 00:00 0 
7f129a6d4000-7f129a6d5000 ---p 00000000 00:00 0 
7f129a6d5000-7f129a7d5000 rw-p 00000000 00:00 0                          [stack:11181]
7f129a7d5000-7f129a7d6000 ---p 00000000 00:00 0 
7f129a7d6000-7f129a8d6000 rw-p 00000000 00:00 0                          [stack:11180]
7f129a8d6000-7f129a8d7000 ---p 00000000 00:00 0 
7f129a8d7000-7f129a9d7000 rw-p 00000000 00:00 0                          [stack:11179]
7f129a9d7000-7f129a9d8000 ---p 00000000 00:00 0 
7f129a9d8000-7f129aae5000 rw-p 00000000 00:00 0                          [stack:11178]
7f129aae5000-7f129ab2b000 rw-p 00000000 00:00 0 
7f129ab2b000-7f129ab7f000 rw-p 00000000 00:00 0 
7f129ab7f000-7f129b063000 rw-p 00000000 00:00 0 
7f129b063000-7f129b070000 rw-p 00000000 00:00 0 
7f129b070000-7f129b0b6000 rw-p 00000000 00:00 0 
7f129b0b6000-7f129b10a000 rw-p 00000000 00:00 0 
7f129b10a000-7f129b5ed000 rw-p 00000000 00:00 0 
7f129b5ed000-7f129b889000 rw-p 00000000 00:00 0 
7f129b889000-7f129b88a000 rw-p 00000000 00:00 0 
7f129b88a000-7f129bbda000 rwxp 00000000 00:00 0 
7f129bbda000-7f129e88a000 rw-p 00000000 00:00 0 
7f129e88a000-7f129e892000 r-xp 00000000 08:01 1769722                    /usr/lib/jvm/java-7-openjdk-amd64/jre/lib/amd64/libzip.so
7f129e892000-7f129ea91000 ---p 00008000 08:01 1769722                    /usr/lib/jvm/java-7-openjdk-amd64/jre/lib/amd64/libzip.so
7f129ea91000-7f129ea92000 r--p 00007000 08:01 1769722                    /usr/lib/jvm/java-7-openjdk-amd64/jre/lib/amd64/libzip.so
7f129ea92000-7f129ea93000 rw-p 00008000 08:01 1769722                    /usr/lib/jvm/java-7-openjdk-amd64/jre/lib/amd64/libzip.so
7f129ea93000-7f129ea9e000 r-xp 00000000 08:01 99726                      /lib/x86_64-linux-gnu/libnss_ldap.so.2
7f129ea9e000-7f129ec9d000 ---p 0000b000 08:01 99726                      /lib/x86_64-linux-gnu/libnss_ldap.so.2
7f129ec9d000-7f129ec9e000 r--p 0000a000 08:01 99726                      /lib/x86_64-linux-gnu/libnss_ldap.so.2
7f129ec9e000-7f129ec9f000 rw-p 0000b000 08:01 99726                      /lib/x86_64-linux-gnu/libnss_ldap.so.2
7f129ec9f000-7f129ecaa000 r-xp 00000000 08:01 98654                      /lib/x86_64-linux-gnu/libnss_files-2.13.so
7f129ecaa000-7f129eea9000 ---p 0000b000 08:01 98654                      /lib/x86_64-linux-gnu/libnss_files-2.13.so
7f129eea9000-7f129eeaa000 r--p 0000a000 08:01 98654                      /lib/x86_64-linux-gnu/libnss_files-2.13.so
7f129eeaa000-7f129eeab000 rw-p 0000b000 08:01 98654                      /lib/x86_64-linux-gnu/libnss_files-2.13.so
7f129eeab000-7f129eeb5000 r-xp 00000000 08:01 98670                      /lib/x86_64-linux-gnu/libnss_nis-2.13.so
7f129eeb5000-7f129f0b4000 ---p 0000a000 08:01 98670                      /lib/x86_64-linux-gnu/libnss_nis-2.13.so
7f129f0b4000-7f129f0b5000 r--p 00009000 08:01 98670                      /lib/x86_64-linux-gnu/libnss_nis-2.13.so
7f129f0b5000-7f129f0b6000 rw-p 0000a000 08:01 98670                      /lib/x86_64-linux-gnu/libnss_nis-2.13.so
7f129f0b6000-7f129f0cb000 r-xp 00000000 08:01 98658                      /lib/x86_64-linux-gnu/libnsl-2.13.so
7f129f0cb000-7f129f2ca000 ---p 00015000 08:01 98658                      /lib/x86_64-linux-gnu/libnsl-2.13.so
7f129f2ca000-7f129f2cb000 r--p 00014000 08:01 98658                      /lib/x86_64-linux-gnu/libnsl-2.13.so
7f129f2cb000-7f129f2cc000 rw-p 00015000 08:01 98658                      /lib/x86_64-linux-gnu/libnsl-2.13.so
7f129f2cc000-7f129f2ce000 rw-p 00000000 00:00 0 
7f129f2ce000-7f129f2d5000 r-xp 00000000 08:01 98676                      /lib/x86_64-linux-gnu/libnss_compat-2.13.so
7f129f2d5000-7f129f4d4000 ---p 00007000 08:01 98676                      /lib/x86_64-linux-gnu/libnss_compat-2.13.so
7f129f4d4000-7f129f4d5000 r--p 00006000 08:01 98676                      /lib/x86_64-linux-gnu/libnss_compat-2.13.so
7f129f4d5000-7f129f4d6000 rw-p 00007000 08:01 98676                      /lib/x86_64-linux-gnu/libnss_compat-2.13.so
7f129f4d6000-7f129f501000 r-xp 00000000 08:01 1769206                    /usr/lib/jvm/java-7-openjdk-amd64/jre/lib/amd64/libjava.so
7f129f501000-7f129f700000 ---p 0002b000 08:01 1769206                    /usr/lib/jvm/java-7-openjdk-amd64/jre/lib/amd64/libjava.so
7f129f700000-7f129f701000 r--p 0002a000 08:01 1769206                    /usr/lib/jvm/java-7-openjdk-amd64/jre/lib/amd64/libjava.so
7f129f701000-7f129f703000 rw-p 0002b000 08:01 1769206                    /usr/lib/jvm/java-7-openjdk-amd64/jre/lib/amd64/libjava.so
7f129f703000-7f129f712000 r-xp 00000000 08:01 1769721                    /usr/lib/jvm/java-7-openjdk-amd64/jre/lib/amd64/libverify.so
7f129f712000-7f129f911000 ---p 0000f000 08:01 1769721                    /usr/lib/jvm/java-7-openjdk-amd64/jre/lib/amd64/libverify.so
7f129f911000-7f129f913000 r--p 0000e000 08:01 1769721                    /usr/lib/jvm/java-7-openjdk-amd64/jre/lib/amd64/libverify.so
7f129f913000-7f129f914000 rw-p 00010000 08:01 1769721                    /usr/lib/jvm/java-7-openjdk-amd64/jre/lib/amd64/libverify.so
7f129f914000-7f129f91b000 r-xp 00000000 08:01 98695                      /lib/x86_64-linux-gnu/librt-2.13.so
7f129f91b000-7f129fb1a000 ---p 00007000 08:01 98695                      /lib/x86_64-linux-gnu/librt-2.13.so
7f129fb1a000-7f129fb1b000 r--p 00006000 08:01 98695                      /lib/x86_64-linux-gnu/librt-2.13.so
7f129fb1b000-7f129fb1c000 rw-p 00007000 08:01 98695                      /lib/x86_64-linux-gnu/librt-2.13.so
7f129fb1c000-7f129fb31000 r-xp 00000000 08:01 98154                      /lib/x86_64-linux-gnu/libgcc_s.so.1
7f129fb31000-7f129fd31000 ---p 00015000 08:01 98154                      /lib/x86_64-linux-gnu/libgcc_s.so.1
7f129fd31000-7f129fd32000 rw-p 00015000 08:01 98154                      /lib/x86_64-linux-gnu/libgcc_s.so.1
7f129fd32000-7f129fdb3000 r-xp 00000000 08:01 98651                      /lib/x86_64-linux-gnu/libm-2.13.so
7f129fdb3000-7f129ffb2000 ---p 00081000 08:01 98651                      /lib/x86_64-linux-gnu/libm-2.13.so
7f129ffb2000-7f129ffb3000 r--p 00080000 08:01 98651                      /lib/x86_64-linux-gnu/libm-2.13.so
7f129ffb3000-7f129ffb4000 rw-p 00081000 08:01 98651                      /lib/x86_64-linux-gnu/libm-2.13.so
7f129ffb4000-7f12a009c000 r-xp 00000000 08:01 1368222                    /usr/lib/x86_64-linux-gnu/libstdc++.so.6.0.17
7f12a009c000-7f12a029c000 ---p 000e8000 08:01 1368222                    /usr/lib/x86_64-linux-gnu/libstdc++.so.6.0.17
7f12a029c000-7f12a02a4000 r--p 000e8000 08:01 1368222                    /usr/lib/x86_64-linux-gnu/libstdc++.so.6.0.17
7f12a02a4000-7f12a02a6000 rw-p 000f0000 08:01 1368222                    /usr/lib/x86_64-linux-gnu/libstdc++.so.6.0.17
7f12a02a6000-7f12a02bb000 rw-p 00000000 00:00 0 
7f12a02bb000-7f12a0db9000 r-xp 00000000 08:01 1769723                    /usr/lib/jvm/java-7-openjdk-amd64/jre/lib/amd64/server/libjvm.so
7f12a0db9000-7f12a0fb8000 ---p 00afe000 08:01 1769723                    /usr/lib/jvm/java-7-openjdk-amd64/jre/lib/amd64/server/libjvm.so
7f12a0fb8000-7f12a1059000 r--p 00afd000 08:01 1769723                    /usr/lib/jvm/java-7-openjdk-amd64/jre/lib/amd64/server/libjvm.so
7f12a1059000-7f12a107c000 rw-p 00b9e000 08:01 1769723                    /usr/lib/jvm/java-7-openjdk-amd64/jre/lib/amd64/server/libjvm.so
7f12a107c000-7f12a10a9000 rw-p 00000000 00:00 0 
7f12a10a9000-7f12a10bf000 r-xp 00000000 08:01 98251                      /lib/x86_64-linux-gnu/libz.so.1.2.7
7f12a10bf000-7f12a12be000 ---p 00016000 08:01 98251                      /lib/x86_64-linux-gnu/libz.so.1.2.7
7f12a12be000-7f12a12bf000 r--p 00015000 08:01 98251                      /lib/x86_64-linux-gnu/libz.so.1.2.7
7f12a12bf000-7f12a12c0000 rw-p 00016000 08:01 98251                      /lib/x86_64-linux-gnu/libz.so.1.2.7
7f12a12c0000-7f12a1441000 r-xp 00000000 08:01 98664                      /lib/x86_64-linux-gnu/libc-2.13.so
7f12a1441000-7f12a1641000 ---p 00181000 08:01 98664                      /lib/x86_64-linux-gnu/libc-2.13.so
7f12a1641000-7f12a1645000 r--p 00181000 08:01 98664                      /lib/x86_64-linux-gnu/libc-2.13.so
7f12a1645000-7f12a1646000 rw-p 00185000 08:01 98664                      /lib/x86_64-linux-gnu/libc-2.13.so
7f12a1646000-7f12a164b000 rw-p 00000000 00:00 0 
7f12a164b000-7f12a164d000 r-xp 00000000 08:01 98672                      /lib/x86_64-linux-gnu/libdl-2.13.so
7f12a164d000-7f12a184d000 ---p 00002000 08:01 98672                      /lib/x86_64-linux-gnu/libdl-2.13.so
7f12a184d000-7f12a184e000 r--p 00002000 08:01 98672                      /lib/x86_64-linux-gnu/libdl-2.13.so
7f12a184e000-7f12a184f000 rw-p 00003000 08:01 98672                      /lib/x86_64-linux-gnu/libdl-2.13.so
7f12a184f000-7f12a185c000 r-xp 00000000 08:01 1769726                    /usr/lib/jvm/java-7-openjdk-amd64/jre/lib/amd64/jli/libjli.so
7f12a185c000-7f12a1a5b000 ---p 0000d000 08:01 1769726                    /usr/lib/jvm/java-7-openjdk-amd64/jre/lib/amd64/jli/libjli.so
7f12a1a5b000-7f12a1a5c000 r--p 0000c000 08:01 1769726                    /usr/lib/jvm/java-7-openjdk-amd64/jre/lib/amd64/jli/libjli.so
7f12a1a5c000-7f12a1a5d000 rw-p 0000d000 08:01 1769726                    /usr/lib/jvm/java-7-openjdk-amd64/jre/lib/amd64/jli/libjli.so
7f12a1a5d000-7f12a1a74000 r-xp 00000000 08:01 98701                      /lib/x86_64-linux-gnu/libpthread-2.13.so
7f12a1a74000-7f12a1c73000 ---p 00017000 08:01 98701                      /lib/x86_64-linux-gnu/libpthread-2.13.so
7f12a1c73000-7f12a1c74000 r--p 00016000 08:01 98701                      /lib/x86_64-linux-gnu/libpthread-2.13.so
7f12a1c74000-7f12a1c75000 rw-p 00017000 08:01 98701                      /lib/x86_64-linux-gnu/libpthread-2.13.so
7f12a1c75000-7f12a1c79000 rw-p 00000000 00:00 0 
7f12a1c79000-7f12a1c99000 r-xp 00000000 08:01 98682                      /lib/x86_64-linux-gnu/ld-2.13.so
7f12a1c99000-7f12a1c9f000 r--s 0002c000 08:01 1410939                    /usr/share/java/sisu-inject-plexus.jar
7f12a1c9f000-7f12a1ca3000 r--s 0001c000 08:01 1848109                    /usr/share/maven-repo/org/sonatype/aether/aether-util/1.13.1/aether-util-1.13.1.jar
7f12a1ca3000-7f12a1ca5000 r--s 00006000 08:01 1848103                    /usr/share/maven-repo/org/sonatype/aether/aether-connector-wagon/1.13.1/aether-connector-wagon-1.13.1.jar
7f12a1ca5000-7f12a1ca7000 r--s 00005000 08:01 1218299                    /usr/share/maven/lib/maven-repository-metadata-3.0.4.jar
7f12a1ca7000-7f12a1ca9000 r--s 00000000 08:01 1410920                    /usr/share/java/plexus-component-annotations-1.5-1.5.5.jar
7f12a1ca9000-7f12a1cb0000 r--s 00040000 08:01 1410945                    /usr/share/java/sisu-inject-bean.jar
7f12a1cb0000-7f12a1cbe000 rw-p 00000000 00:00 0 
7f12a1cbe000-7f12a1d70000 rw-p 00000000 00:00 0 
7f12a1d70000-7f12a1d73000 ---p 00000000 00:00 0 
7f12a1d73000-7f12a1e76000 rw-p 00000000 00:00 0                          [stack:11177]
7f12a1e76000-7f12a1e78000 r--s 00008000 08:01 1218306                    /usr/share/maven/lib/maven-embedder-3.0.4.jar
7f12a1e78000-7f12a1e7a000 r--s 0000a000 08:01 1410622                    /usr/share/java/plexus-classworlds2-2.4.jar
7f12a1e7a000-7f12a1e7d000 r--s 0000f000 08:01 1769733                    /usr/lib/jvm/java-7-openjdk-amd64/jre/lib/ext/icedtea-sound.jar
7f12a1e7d000-7f12a1e81000 r--s 0003c000 08:01 1769732                    /usr/lib/jvm/java-7-openjdk-amd64/jre/lib/ext/sunpkcs11.jar
7f12a1e81000-7f12a1e84000 r--s 00086000 08:01 1769730                    /usr/lib/jvm/java-7-openjdk-amd64/jre/lib/ext/localedata.jar
7f12a1e84000-7f12a1e86000 r--s 00012000 08:01 1769728                    /usr/lib/jvm/java-7-openjdk-amd64/jre/lib/ext/zipfs.jar
7f12a1e86000-7f12a1e87000 r--s 00007000 08:01 1409535                    /usr/share/java/java-atk-wrapper.jar
7f12a1e87000-7f12a1e88000 r--s 00002000 08:01 1769731                    /usr/lib/jvm/java-7-openjdk-amd64/jre/lib/ext/dnsns.jar
7f12a1e88000-7f12a1e8c000 r--s 00034000 08:01 1769729                    /usr/lib/jvm/java-7-openjdk-amd64/jre/lib/ext/sunjce_provider.jar
7f12a1e8c000-7f12a1e94000 rw-s 00000000 08:06 171363                     /tmp/hsperfdata_guilberl/11159
7f12a1e94000-7f12a1e95000 rw-p 00000000 00:00 0 
7f12a1e95000-7f12a1e96000 ---p 00000000 00:00 0 
7f12a1e96000-7f12a1e98000 rw-p 00000000 00:00 0 
7f12a1e98000-7f12a1e99000 r--p 0001f000 08:01 98682                      /lib/x86_64-linux-gnu/ld-2.13.so
7f12a1e99000-7f12a1e9a000 rw-p 00020000 08:01 98682                      /lib/x86_64-linux-gnu/ld-2.13.so
7f12a1e9a000-7f12a1e9b000 rw-p 00000000 00:00 0 
7fffd6872000-7fffd6893000 rw-p 00000000 00:00 0                          [stack]
7fffd69b2000-7fffd69b4000 r-xp 00000000 00:00 0                          [vdso]
ffffffffff600000-ffffffffff601000 r-xp 00000000 00:00 0                  [vsyscall]

VM Arguments:
jvm_args: -Dclassworlds.conf=/usr/share/maven/bin/m2.conf -Dmaven.home=/usr/share/maven 
java_command: org.codehaus.plexus.classworlds.launcher.Launcher jetty:run
Launcher Type: SUN_STANDARD

Environment Variables:
JAVA_HOME=/usr/lib/jvm/java-7-openjdk-amd64
CLASSPATH=.:/home/infoetu/guilberl/tomcat/lib/servlet-api.jar
PATH=/home/infoens/hauspiem/public/arm-none-eabi-gcc/bin:/usr/local/bin:/usr/bin:/bin:/usr/local/games:/usr/games
USERNAME=guilberl
SHELL=/bin/bash
DISPLAY=:0.0

Signal Handlers:
SIGSEGV: [libjvm.so+0x92ab50], sa_mask[0]=0x7ffbfeff, sa_flags=0x10000004
SIGBUS: [libjvm.so+0x92ab50], sa_mask[0]=0x7ffbfeff, sa_flags=0x10000004
SIGFPE: [libjvm.so+0x7aea00], sa_mask[0]=0x7ffbfeff, sa_flags=0x10000004
SIGPIPE: SIG_IGN, sa_mask[0]=0x00000000, sa_flags=0x00000000
SIGXFSZ: [libjvm.so+0x7aea00], sa_mask[0]=0x7ffbfeff, sa_flags=0x10000004
SIGILL: [libjvm.so+0x7aea00], sa_mask[0]=0x7ffbfeff, sa_flags=0x10000004
SIGUSR1: SIG_DFL, sa_mask[0]=0x00000000, sa_flags=0x00000000
SIGUSR2: [libjvm.so+0x7aed40], sa_mask[0]=0x00000000, sa_flags=0x10000004
SIGHUP: [libjvm.so+0x7aeeb0], sa_mask[0]=0x7ffbfeff, sa_flags=0x10000004
SIGINT: [libjvm.so+0x7aeeb0], sa_mask[0]=0x7ffbfeff, sa_flags=0x10000004
SIGTERM: [libjvm.so+0x7aeeb0], sa_mask[0]=0x7ffbfeff, sa_flags=0x10000004
SIGQUIT: [libjvm.so+0x7aeeb0], sa_mask[0]=0x7ffbfeff, sa_flags=0x10000004
SIGTRAP: SIG_DFL, sa_mask[0]=0x00000000, sa_flags=0x00000000


---------------  S Y S T E M  ---------------

OS:7.8

uname:Linux 3.12-0.bpo.1-amd64 #1 SMP Debian 3.12.9-1~bpo70+1 (2014-02-07) x86_64
libc:glibc 2.13 NPTL 2.13 
rlimit: STACK 8192k, CORE 0k, NPROC 128056, NOFILE 4096, AS infinity
load average:0,90 0,40 0,22

/proc/meminfo:
MemTotal:       16407452 kB
MemFree:        11502016 kB
Buffers:           92868 kB
Cached:          2192556 kB
SwapCached:            0 kB
Active:          3210064 kB
Inactive:        1502352 kB
Active(anon):    2427768 kB
Inactive(anon):    68064 kB
Active(file):     782296 kB
Inactive(file):  1434288 kB
Unevictable:           0 kB
Mlocked:               0 kB
SwapTotal:       1998844 kB
SwapFree:        1998844 kB
Dirty:               552 kB
Writeback:             0 kB
AnonPages:       2427044 kB
Mapped:           270340 kB
Shmem:             68880 kB
Slab:             109116 kB
SReclaimable:      80660 kB
SUnreclaim:        28456 kB
KernelStack:        3640 kB
PageTables:        31408 kB
NFS_Unstable:          0 kB
Bounce:                0 kB
WritebackTmp:          0 kB
CommitLimit:    10202568 kB
Committed_AS:    4384852 kB
VmallocTotal:   34359738367 kB
VmallocUsed:      369572 kB
VmallocChunk:   34359364440 kB
HardwareCorrupted:     0 kB
AnonHugePages:         0 kB
HugePages_Total:       0
HugePages_Free:        0
HugePages_Rsvd:        0
HugePages_Surp:        0
Hugepagesize:       2048 kB
DirectMap4k:       72308 kB
DirectMap2M:     1964032 kB
DirectMap1G:    14680064 kB


CPU:total 4 (4 cores per cpu, 1 threads per core) family 6 model 60 stepping 3, cmov, cx8, fxsr, mmx, sse, sse2, sse3, ssse3, sse4.1, sse4.2, popcnt, avx, avx2, aes, erms, tsc, tscinvbit

/proc/cpuinfo:
processor	: 0
vendor_id	: GenuineIntel
cpu family	: 6
model		: 60
model name	: Intel(R) Core(TM) i5-4570 CPU @ 3.20GHz
stepping	: 3
microcode	: 0x1c
cpu MHz		: 3399.875
cache size	: 6144 KB
physical id	: 0
siblings	: 4
core id		: 0
cpu cores	: 4
apicid		: 0
initial apicid	: 0
fpu		: yes
fpu_exception	: yes
cpuid level	: 13
wp		: yes
flags		: fpu vme de pse tsc msr pae mce cx8 apic sep mtrr pge mca cmov pat pse36 clflush dts acpi mmx fxsr sse sse2 ss ht tm pbe syscall nx pdpe1gb rdtscp lm constant_tsc arch_perfmon pebs bts rep_good nopl xtopology nonstop_tsc aperfmperf eagerfpu pni pclmulqdq dtes64 monitor ds_cpl vmx smx est tm2 ssse3 fma cx16 xtpr pdcm pcid sse4_1 sse4_2 x2apic movbe popcnt tsc_deadline_timer aes xsave avx f16c rdrand lahf_lm abm ida arat epb xsaveopt pln pts dtherm tpr_shadow vnmi flexpriority ept vpid fsgsbase tsc_adjust bmi1 hle avx2 smep bmi2 erms invpcid rtm
bogomips	: 6385.03
clflush size	: 64
cache_alignment	: 64
address sizes	: 39 bits physical, 48 bits virtual
power management:

processor	: 1
vendor_id	: GenuineIntel
cpu family	: 6
model		: 60
model name	: Intel(R) Core(TM) i5-4570 CPU @ 3.20GHz
stepping	: 3
microcode	: 0x1c
cpu MHz		: 3399.875
cache size	: 6144 KB
physical id	: 0
siblings	: 4
core id		: 1
cpu cores	: 4
apicid		: 2
initial apicid	: 2
fpu		: yes
fpu_exception	: yes
cpuid level	: 13
wp		: yes
flags		: fpu vme de pse tsc msr pae mce cx8 apic sep mtrr pge mca cmov pat pse36 clflush dts acpi mmx fxsr sse sse2 ss ht tm pbe syscall nx pdpe1gb rdtscp lm constant_tsc arch_perfmon pebs bts rep_good nopl xtopology nonstop_tsc aperfmperf eagerfpu pni pclmulqdq dtes64 monitor ds_cpl vmx smx est tm2 ssse3 fma cx16 xtpr pdcm pcid sse4_1 sse4_2 x2apic movbe popcnt tsc_deadline_timer aes xsave avx f16c rdrand lahf_lm abm ida arat epb xsaveopt pln pts dtherm tpr_shadow vnmi flexpriority ept vpid fsgsbase tsc_adjust bmi1 hle avx2 smep bmi2 erms invpcid rtm
bogomips	: 6385.03
clflush size	: 64
cache_alignment	: 64
address sizes	: 39 bits physical, 48 bits virtual
power management:

processor	: 2
vendor_id	: GenuineIntel
cpu family	: 6
model		: 60
model name	: Intel(R) Core(TM) i5-4570 CPU @ 3.20GHz
stepping	: 3
microcode	: 0x1c
cpu MHz		: 3399.875
cache size	: 6144 KB
physical id	: 0
siblings	: 4
core id		: 2
cpu cores	: 4
apicid		: 4
initial apicid	: 4
fpu		: yes
fpu_exception	: yes
cpuid level	: 13
wp		: yes
flags		: fpu vme de pse tsc msr pae mce cx8 apic sep mtrr pge mca cmov pat pse36 clflush dts acpi mmx fxsr sse sse2 ss ht tm pbe syscall nx pdpe1gb rdtscp lm constant_tsc arch_perfmon pebs bts rep_good nopl xtopology nonstop_tsc aperfmperf eagerfpu pni pclmulqdq dtes64 monitor ds_cpl vmx smx est tm2 ssse3 fma cx16 xtpr pdcm pcid sse4_1 sse4_2 x2apic movbe popcnt tsc_deadline_timer aes xsave avx f16c rdrand lahf_lm abm ida arat epb xsaveopt pln pts dtherm tpr_shadow vnmi flexpriority ept vpid fsgsbase tsc_adjust bmi1 hle avx2 smep bmi2 erms invpcid rtm
bogomips	: 6385.03
clflush size	: 64
cache_alignment	: 64
address sizes	: 39 bits physical, 48 bits virtual
power management:

processor	: 3
vendor_id	: GenuineIntel
cpu family	: 6
model		: 60
model name	: Intel(R) Core(TM) i5-4570 CPU @ 3.20GHz
stepping	: 3
microcode	: 0x1c
cpu MHz		: 3400.000
cache size	: 6144 KB
physical id	: 0
siblings	: 4
core id		: 3
cpu cores	: 4
apicid		: 6
initial apicid	: 6
fpu		: yes
fpu_exception	: yes
cpuid level	: 13
wp		: yes
flags		: fpu vme de pse tsc msr pae mce cx8 apic sep mtrr pge mca cmov pat pse36 clflush dts acpi mmx fxsr sse sse2 ss ht tm pbe syscall nx pdpe1gb rdtscp lm constant_tsc arch_perfmon pebs bts rep_good nopl xtopology nonstop_tsc aperfmperf eagerfpu pni pclmulqdq dtes64 monitor ds_cpl vmx smx est tm2 ssse3 fma cx16 xtpr pdcm pcid sse4_1 sse4_2 x2apic movbe popcnt tsc_deadline_timer aes xsave avx f16c rdrand lahf_lm abm ida arat epb xsaveopt pln pts dtherm tpr_shadow vnmi flexpriority ept vpid fsgsbase tsc_adjust bmi1 hle avx2 smep bmi2 erms invpcid rtm
bogomips	: 6385.03
clflush size	: 64
cache_alignment	: 64
address sizes	: 39 bits physical, 48 bits virtual
power management:



Memory: 4k page, physical 16407452k(11502016k free), swap 1998844k(1998844k free)

vm_info: OpenJDK 64-Bit Server VM (24.75-b04) for linux-amd64 JRE (1.7.0_75-b13), built on Jan 29 2015 14:43:34 by "buildd" with gcc 4.7.2

time: Sat Mar 14 11:54:45 2015
elapsed time: 12 seconds

